{"/home/travis/build/npmtest/node-npmtest-yazl/test.js":{"path":"/home/travis/build/npmtest/node-npmtest-yazl/test.js","s":{"1":2,"2":2,"3":2,"4":2,"5":2,"6":2,"7":2,"8":1,"9":2,"10":2,"11":1,"12":1,"13":1,"14":1,"15":2,"16":2,"17":2,"18":2,"19":1,"20":1,"21":2,"22":2,"23":2,"24":1,"25":1,"26":1,"27":1,"28":1,"29":1,"30":1,"31":1,"32":1,"33":1,"34":1,"35":1,"36":1,"37":1,"38":1,"39":2,"40":2,"41":1,"42":2,"43":2,"44":1,"45":2,"46":2,"47":1,"48":2,"49":2,"50":1,"51":1,"52":1,"53":1,"54":1},"b":{"1":[2,1,1,1],"2":[1,1,1,1],"3":[1,1],"4":[1,1],"5":[1,1],"6":[1,1],"7":[1,1],"8":[1,1],"9":[1,1],"10":[1,1,1],"11":[1,1],"12":[1,1],"13":[1,1],"14":[1,1],"15":[1,1],"16":[1,1],"17":[1,1]},"f":{"1":2,"2":2,"3":2,"4":2,"5":2,"6":1,"7":1,"8":1,"9":2,"10":2,"11":2,"12":2,"13":1},"fnMap":{"1":{"name":"(anonymous_1)","line":12,"loc":{"start":{"line":12,"column":1},"end":{"line":12,"column":13}}},"2":{"name":"(anonymous_2)","line":19,"loc":{"start":{"line":19,"column":5},"end":{"line":19,"column":17}}},"3":{"name":"(anonymous_3)","line":23,"loc":{"start":{"line":23,"column":24},"end":{"line":23,"column":36}}},"4":{"name":"(anonymous_4)","line":61,"loc":{"start":{"line":61,"column":5},"end":{"line":61,"column":17}}},"5":{"name":"(anonymous_5)","line":82,"loc":{"start":{"line":82,"column":5},"end":{"line":82,"column":17}}},"6":{"name":"(anonymous_6)","line":91,"loc":{"start":{"line":91,"column":77},"end":{"line":94,"column":10}}},"7":{"name":"(anonymous_7)","line":112,"loc":{"start":{"line":112,"column":83},"end":{"line":115,"column":10}},"skip":true},"8":{"name":"(anonymous_8)","line":123,"loc":{"start":{"line":123,"column":77},"end":{"line":126,"column":10}},"skip":true},"9":{"name":"(anonymous_9)","line":139,"loc":{"start":{"line":139,"column":12},"end":{"line":139,"column":40}},"skip":true},"10":{"name":"(anonymous_10)","line":147,"loc":{"start":{"line":147,"column":77},"end":{"line":150,"column":10}},"skip":true},"11":{"name":"(anonymous_11)","line":158,"loc":{"start":{"line":158,"column":83},"end":{"line":161,"column":10}},"skip":true},"12":{"name":"(anonymous_12)","line":169,"loc":{"start":{"line":169,"column":79},"end":{"line":172,"column":10}},"skip":true},"13":{"name":"(anonymous_13)","line":180,"loc":{"start":{"line":180,"column":75},"end":{"line":183,"column":10}},"skip":true}},"statementMap":{"1":{"start":{"line":12,"column":0},"end":{"line":195,"column":5}},"2":{"start":{"line":14,"column":4},"end":{"line":14,"column":14}},"3":{"start":{"line":19,"column":4},"end":{"line":56,"column":9}},"4":{"start":{"line":21,"column":8},"end":{"line":21,"column":19}},"5":{"start":{"line":23,"column":8},"end":{"line":35,"column":13}},"6":{"start":{"line":24,"column":12},"end":{"line":34,"column":13}},"7":{"start":{"line":25,"column":16},"end":{"line":28,"column":30}},"8":{"start":{"line":30,"column":16},"end":{"line":33,"column":27}},"9":{"start":{"line":37,"column":8},"end":{"line":39,"column":21}},"10":{"start":{"line":40,"column":8},"end":{"line":53,"column":9}},"11":{"start":{"line":43,"column":12},"end":{"line":46,"column":14}},"12":{"start":{"line":47,"column":12},"end":{"line":47,"column":18}},"13":{"start":{"line":50,"column":12},"end":{"line":51,"column":46}},"14":{"start":{"line":52,"column":12},"end":{"line":52,"column":18}},"15":{"start":{"line":55,"column":8},"end":{"line":55,"column":35}},"16":{"start":{"line":61,"column":4},"end":{"line":63,"column":9}},"17":{"start":{"line":62,"column":8},"end":{"line":62,"column":15}},"18":{"start":{"line":64,"column":4},"end":{"line":77,"column":5}},"19":{"start":{"line":70,"column":8},"end":{"line":70,"column":14}},"20":{"start":{"line":76,"column":8},"end":{"line":76,"column":14}},"21":{"start":{"line":82,"column":4},"end":{"line":84,"column":9}},"22":{"start":{"line":83,"column":8},"end":{"line":83,"column":15}},"23":{"start":{"line":85,"column":4},"end":{"line":194,"column":5}},"24":{"start":{"line":91,"column":8},"end":{"line":99,"column":10}},"25":{"start":{"line":98,"column":12},"end":{"line":98,"column":35}},"26":{"start":{"line":102,"column":8},"end":{"line":104,"column":63}},"27":{"start":{"line":105,"column":8},"end":{"line":105,"column":14}},"28":{"start":{"line":112,"column":8},"end":{"line":121,"column":10},"skip":true},"29":{"start":{"line":119,"column":12},"end":{"line":119,"column":55},"skip":true},"30":{"start":{"line":120,"column":12},"end":{"line":120,"column":48},"skip":true},"31":{"start":{"line":123,"column":8},"end":{"line":136,"column":10},"skip":true},"32":{"start":{"line":130,"column":12},"end":{"line":130,"column":76},"skip":true},"33":{"start":{"line":131,"column":12},"end":{"line":131,"column":73},"skip":true},"34":{"start":{"line":132,"column":12},"end":{"line":132,"column":74},"skip":true},"35":{"start":{"line":133,"column":12},"end":{"line":133,"column":79},"skip":true},"36":{"start":{"line":134,"column":12},"end":{"line":134,"column":25},"skip":true},"37":{"start":{"line":135,"column":12},"end":{"line":135,"column":45},"skip":true},"38":{"start":{"line":138,"column":8},"end":{"line":145,"column":14},"skip":true},"39":{"start":{"line":143,"column":16},"end":{"line":143,"column":29},"skip":true},"40":{"start":{"line":144,"column":16},"end":{"line":144,"column":55},"skip":true},"41":{"start":{"line":147,"column":8},"end":{"line":156,"column":10},"skip":true},"42":{"start":{"line":154,"column":12},"end":{"line":154,"column":25},"skip":true},"43":{"start":{"line":155,"column":12},"end":{"line":155,"column":45},"skip":true},"44":{"start":{"line":158,"column":8},"end":{"line":167,"column":10},"skip":true},"45":{"start":{"line":165,"column":12},"end":{"line":165,"column":25},"skip":true},"46":{"start":{"line":166,"column":12},"end":{"line":166,"column":48},"skip":true},"47":{"start":{"line":169,"column":8},"end":{"line":178,"column":10},"skip":true},"48":{"start":{"line":176,"column":12},"end":{"line":176,"column":25},"skip":true},"49":{"start":{"line":177,"column":12},"end":{"line":177,"column":46},"skip":true},"50":{"start":{"line":180,"column":8},"end":{"line":189,"column":10},"skip":true},"51":{"start":{"line":187,"column":12},"end":{"line":187,"column":94},"skip":true},"52":{"start":{"line":188,"column":12},"end":{"line":188,"column":48},"skip":true},"53":{"start":{"line":192,"column":8},"end":{"line":192,"column":35},"skip":true},"54":{"start":{"line":193,"column":8},"end":{"line":193,"column":14},"skip":true}},"branchMap":{"1":{"line":25,"type":"binary-expr","locations":[{"start":{"line":25,"column":23},"end":{"line":25,"column":62}},{"start":{"line":26,"column":20},"end":{"line":26,"column":70}},{"start":{"line":27,"column":20},"end":{"line":27,"column":71}},{"start":{"line":28,"column":20},"end":{"line":28,"column":29}}]},"2":{"line":30,"type":"binary-expr","locations":[{"start":{"line":30,"column":23},"end":{"line":30,"column":37}},{"start":{"line":31,"column":20},"end":{"line":31,"column":61}},{"start":{"line":32,"column":20},"end":{"line":32,"column":70}},{"start":{"line":33,"column":20},"end":{"line":33,"column":26}}]},"3":{"line":37,"type":"cond-expr","locations":[{"start":{"line":38,"column":14},"end":{"line":38,"column":20}},{"start":{"line":39,"column":14},"end":{"line":39,"column":20}}]},"4":{"line":40,"type":"switch","locations":[{"start":{"line":42,"column":8},"end":{"line":47,"column":18}},{"start":{"line":49,"column":8},"end":{"line":52,"column":18}}]},"5":{"line":44,"type":"binary-expr","locations":[{"start":{"line":44,"column":16},"end":{"line":44,"column":44}},{"start":{"line":44,"column":48},"end":{"line":44,"column":66}}]},"6":{"line":50,"type":"binary-expr","locations":[{"start":{"line":50,"column":21},"end":{"line":50,"column":49}},{"start":{"line":50,"column":53},"end":{"line":50,"column":72}}]},"7":{"line":64,"type":"switch","locations":[{"start":{"line":69,"column":4},"end":{"line":70,"column":14}},{"start":{"line":75,"column":4},"end":{"line":76,"column":14}}]},"8":{"line":85,"type":"switch","locations":[{"start":{"line":90,"column":4},"end":{"line":105,"column":14}},{"start":{"line":111,"column":4},"end":{"line":193,"column":14},"skip":true}]},"9":{"line":91,"type":"binary-expr","locations":[{"start":{"line":91,"column":42},"end":{"line":91,"column":73}},{"start":{"line":91,"column":77},"end":{"line":99,"column":9}}]},"10":{"line":102,"type":"binary-expr","locations":[{"start":{"line":102,"column":18},"end":{"line":102,"column":32}},{"start":{"line":103,"column":12},"end":{"line":103,"column":53}},{"start":{"line":104,"column":12},"end":{"line":104,"column":61}}]},"11":{"line":112,"type":"binary-expr","locations":[{"start":{"line":112,"column":45},"end":{"line":112,"column":79},"skip":true},{"start":{"line":112,"column":83},"end":{"line":121,"column":9},"skip":true}]},"12":{"line":123,"type":"binary-expr","locations":[{"start":{"line":123,"column":42},"end":{"line":123,"column":73},"skip":true},{"start":{"line":123,"column":77},"end":{"line":136,"column":9},"skip":true}]},"13":{"line":138,"type":"binary-expr","locations":[{"start":{"line":138,"column":48},"end":{"line":138,"column":85},"skip":true},{"start":{"line":139,"column":12},"end":{"line":145,"column":13},"skip":true}]},"14":{"line":147,"type":"binary-expr","locations":[{"start":{"line":147,"column":42},"end":{"line":147,"column":73},"skip":true},{"start":{"line":147,"column":77},"end":{"line":156,"column":9},"skip":true}]},"15":{"line":158,"type":"binary-expr","locations":[{"start":{"line":158,"column":45},"end":{"line":158,"column":79},"skip":true},{"start":{"line":158,"column":83},"end":{"line":167,"column":9},"skip":true}]},"16":{"line":169,"type":"binary-expr","locations":[{"start":{"line":169,"column":43},"end":{"line":169,"column":75},"skip":true},{"start":{"line":169,"column":79},"end":{"line":178,"column":9},"skip":true}]},"17":{"line":180,"type":"binary-expr","locations":[{"start":{"line":180,"column":41},"end":{"line":180,"column":71},"skip":true},{"start":{"line":180,"column":75},"end":{"line":189,"column":9},"skip":true}]}},"code":["/* istanbul instrument in package npmtest_yazl */","/*jslint","    bitwise: true,","    browser: true,","    maxerr: 8,","    maxlen: 96,","    node: true,","    nomen: true,","    regexp: true,","    stupid: true","*/","(function () {","    'use strict';","    var local;","","","","    // run shared js-env code - pre-init","    (function () {","        // init local","        local = {};","        // init modeJs","        local.modeJs = (function () {","            try {","                return typeof navigator.userAgent === 'string' &&","                    typeof document.querySelector('body') === 'object' &&","                    typeof XMLHttpRequest.prototype.open === 'function' &&","                    'browser';","            } catch (errorCaughtBrowser) {","                return module.exports &&","                    typeof process.versions.node === 'string' &&","                    typeof require('http').createServer === 'function' &&","                    'node';","            }","        }());","        // init global","        local.global = local.modeJs === 'browser'","            ? window","            : global;","        switch (local.modeJs) {","        // re-init local from window.local","        case 'browser':","            local = local.global.utility2.objectSetDefault(","                local.global.utility2_rollup || local.global.local,","                local.global.utility2","            );","            break;","        // re-init local from example.js","        case 'node':","            local = (local.global.utility2_rollup || require('utility2'))","                .requireExampleJsFromReadme();","            break;","        }","        // export local","        local.global.local = local;","    }());","","","","    // run shared js-env code - function","    (function () {","        return;","    }());","    switch (local.modeJs) {","","","","    // run browser js-env code - function","    case 'browser':","        break;","","","","    // run node js-env code - function","    case 'node':","        break;","    }","","","","    // run shared js-env code - post-init","    (function () {","        return;","    }());","    switch (local.modeJs) {","","","","    // run browser js-env code - post-init","    case 'browser':","        local.testCase_browser_nullCase = local.testCase_browser_nullCase || function (","            options,","            onError","        ) {","        /*","         * this function will test browsers's null-case handling-behavior-behavior","         */","            onError(null, options);","        };","","        // run tests","        local.nop(local.modeTest &&","            document.querySelector('#testRunButton1') &&","            document.querySelector('#testRunButton1').click());","        break;","","","","    // run node js-env code - post-init","    /* istanbul ignore next */","    case 'node':","        local.testCase_buildApidoc_default = local.testCase_buildApidoc_default || function (","            options,","            onError","        ) {","        /*","         * this function will test buildApidoc's default handling-behavior-behavior","         */","            options = { modulePathList: module.paths };","            local.buildApidoc(options, onError);","        };","","        local.testCase_buildApp_default = local.testCase_buildApp_default || function (","            options,","            onError","        ) {","        /*","         * this function will test buildApp's default handling-behavior-behavior","         */","            local.testCase_buildReadme_default(options, local.onErrorThrow);","            local.testCase_buildLib_default(options, local.onErrorThrow);","            local.testCase_buildTest_default(options, local.onErrorThrow);","            local.testCase_buildCustomOrg_default(options, local.onErrorThrow);","            options = [];","            local.buildApp(options, onError);","        };","","        local.testCase_buildCustomOrg_default = local.testCase_buildCustomOrg_default ||","            function (options, onError) {","            /*","             * this function will test buildCustomOrg's default handling-behavior","             */","                options = {};","                local.buildCustomOrg(options, onError);","            };","","        local.testCase_buildLib_default = local.testCase_buildLib_default || function (","            options,","            onError","        ) {","        /*","         * this function will test buildLib's default handling-behavior","         */","            options = {};","            local.buildLib(options, onError);","        };","","        local.testCase_buildReadme_default = local.testCase_buildReadme_default || function (","            options,","            onError","        ) {","        /*","         * this function will test buildReadme's default handling-behavior-behavior","         */","            options = {};","            local.buildReadme(options, onError);","        };","","        local.testCase_buildTest_default = local.testCase_buildTest_default || function (","            options,","            onError","        ) {","        /*","         * this function will test buildTest's default handling-behavior","         */","            options = {};","            local.buildTest(options, onError);","        };","","        local.testCase_webpage_default = local.testCase_webpage_default || function (","            options,","            onError","        ) {","        /*","         * this function will test webpage's default handling-behavior","         */","            options = { modeCoverageMerge: true, url: local.serverLocalHost + '?modeTest=1' };","            local.browserTest(options, onError);","        };","","        // run test-server","        local.testRunServer(local);","        break;","    }","}());",""],"l":{"12":2,"14":2,"19":2,"21":2,"23":2,"24":2,"25":2,"30":1,"37":2,"40":2,"43":1,"47":1,"50":1,"52":1,"55":2,"61":2,"62":2,"64":2,"70":1,"76":1,"82":2,"83":2,"85":2,"91":1,"98":1,"102":1,"105":1,"112":1,"119":1,"120":1,"123":1,"130":1,"131":1,"132":1,"133":1,"134":1,"135":1,"138":1,"143":2,"144":2,"147":1,"154":2,"155":2,"158":1,"165":2,"166":2,"169":1,"176":2,"177":2,"180":1,"187":1,"188":1,"192":1,"193":1}},"/home/travis/build/npmtest/node-npmtest-yazl/lib.npmtest_yazl.js":{"path":"/home/travis/build/npmtest/node-npmtest-yazl/lib.npmtest_yazl.js","s":{"1":2,"2":2,"3":2,"4":2,"5":2,"6":2,"7":2,"8":1,"9":2,"10":2,"11":2,"12":2,"13":1,"14":1,"15":1,"16":1},"b":{"1":[2,1,1,1],"2":[1,1,1,1],"3":[1,1],"4":[2,2],"5":[1,1]},"f":{"1":2,"2":2,"3":2},"fnMap":{"1":{"name":"(anonymous_1)","line":12,"loc":{"start":{"line":12,"column":1},"end":{"line":12,"column":13}}},"2":{"name":"(anonymous_2)","line":19,"loc":{"start":{"line":19,"column":5},"end":{"line":19,"column":17}}},"3":{"name":"(anonymous_3)","line":23,"loc":{"start":{"line":23,"column":24},"end":{"line":23,"column":36}}}},"statementMap":{"1":{"start":{"line":12,"column":0},"end":{"line":53,"column":5}},"2":{"start":{"line":14,"column":4},"end":{"line":14,"column":14}},"3":{"start":{"line":19,"column":4},"end":{"line":52,"column":9}},"4":{"start":{"line":21,"column":8},"end":{"line":21,"column":19}},"5":{"start":{"line":23,"column":8},"end":{"line":35,"column":13}},"6":{"start":{"line":24,"column":12},"end":{"line":34,"column":13}},"7":{"start":{"line":25,"column":16},"end":{"line":28,"column":30}},"8":{"start":{"line":30,"column":16},"end":{"line":33,"column":27}},"9":{"start":{"line":37,"column":8},"end":{"line":39,"column":21}},"10":{"start":{"line":41,"column":8},"end":{"line":41,"column":54}},"11":{"start":{"line":43,"column":8},"end":{"line":43,"column":49}},"12":{"start":{"line":45,"column":8},"end":{"line":51,"column":9}},"13":{"start":{"line":46,"column":12},"end":{"line":46,"column":55}},"14":{"start":{"line":48,"column":12},"end":{"line":48,"column":35}},"15":{"start":{"line":49,"column":12},"end":{"line":49,"column":49}},"16":{"start":{"line":50,"column":12},"end":{"line":50,"column":43}}},"branchMap":{"1":{"line":25,"type":"binary-expr","locations":[{"start":{"line":25,"column":23},"end":{"line":25,"column":62}},{"start":{"line":26,"column":20},"end":{"line":26,"column":70}},{"start":{"line":27,"column":20},"end":{"line":27,"column":71}},{"start":{"line":28,"column":20},"end":{"line":28,"column":29}}]},"2":{"line":30,"type":"binary-expr","locations":[{"start":{"line":30,"column":23},"end":{"line":30,"column":37}},{"start":{"line":31,"column":20},"end":{"line":31,"column":61}},{"start":{"line":32,"column":20},"end":{"line":32,"column":70}},{"start":{"line":33,"column":20},"end":{"line":33,"column":26}}]},"3":{"line":37,"type":"cond-expr","locations":[{"start":{"line":38,"column":14},"end":{"line":38,"column":20}},{"start":{"line":39,"column":14},"end":{"line":39,"column":20}}]},"4":{"line":41,"type":"binary-expr","locations":[{"start":{"line":41,"column":16},"end":{"line":41,"column":44}},{"start":{"line":41,"column":48},"end":{"line":41,"column":53}}]},"5":{"line":45,"type":"if","locations":[{"start":{"line":45,"column":8},"end":{"line":45,"column":8}},{"start":{"line":45,"column":8},"end":{"line":45,"column":8}}]}},"code":["/* istanbul instrument in package npmtest_yazl */","/*jslint","    bitwise: true,","    browser: true,","    maxerr: 8,","    maxlen: 96,","    node: true,","    nomen: true,","    regexp: true,","    stupid: true","*/","(function () {","    'use strict';","    var local;","","","","    // run shared js-env code - pre-init","    (function () {","        // init local","        local = {};","        // init modeJs","        local.modeJs = (function () {","            try {","                return typeof navigator.userAgent === 'string' &&","                    typeof document.querySelector('body') === 'object' &&","                    typeof XMLHttpRequest.prototype.open === 'function' &&","                    'browser';","            } catch (errorCaughtBrowser) {","                return module.exports &&","                    typeof process.versions.node === 'string' &&","                    typeof require('http').createServer === 'function' &&","                    'node';","            }","        }());","        // init global","        local.global = local.modeJs === 'browser'","            ? window","            : global;","        // init utility2_rollup","        local = local.global.utility2_rollup || local;","        // init lib","        local.local = local.npmtest_yazl = local;","        // init exports","        if (local.modeJs === 'browser') {","            local.global.utility2_npmtest_yazl = local;","        } else {","            module.exports = local;","            module.exports.__dirname = __dirname;","            module.exports.module = module;","        }","    }());","}());",""],"l":{"12":2,"14":2,"19":2,"21":2,"23":2,"24":2,"25":2,"30":1,"37":2,"41":2,"43":2,"45":2,"46":1,"48":1,"49":1,"50":1}},"/home/travis/build/npmtest/node-npmtest-yazl/example.js":{"path":"/home/travis/build/npmtest/node-npmtest-yazl/example.js","s":{"1":2,"2":2,"3":2,"4":2,"5":2,"6":2,"7":2,"8":1,"9":2,"10":2,"11":2,"12":2,"13":1,"14":2,"15":2,"16":2,"17":2,"18":2,"19":0,"20":2,"21":1,"22":1,"23":1,"24":1,"25":1,"26":0,"27":0,"28":1,"29":1,"30":2,"31":0,"32":0,"33":0,"34":1,"35":2,"36":2,"37":3,"38":3,"39":3,"40":3,"41":0,"42":3,"43":3,"44":3,"45":1,"46":3,"47":1,"48":1,"49":1,"50":1,"51":1,"52":1,"53":1,"54":1,"55":1,"56":1,"57":0,"58":1,"59":6,"60":6,"61":1,"62":2,"63":0,"64":2,"65":1,"66":1,"67":0,"68":0,"69":0,"70":0,"71":0,"72":0,"73":0,"74":0,"75":0,"76":0,"77":0,"78":0,"79":0,"80":0,"81":0,"82":0,"83":0},"b":{"1":[2,1,1,1],"2":[1,1,1,1],"3":[1,1],"4":[2,2],"5":[1,1],"6":[1,1],"7":[2,0],"8":[2,1,1,1,1,1],"9":[0,2,0],"10":[1,1],"11":[2,1,1],"12":[1,0],"13":[0,2],"14":[2,0,0,0,0,0,0],"15":[0,3],"16":[3,0],"17":[1,1],"18":[0,1],"19":[1,2,0,2],"20":[1,0],"21":[1,1],"22":[0,0],"23":[0,0],"24":[0,0],"25":[0,0],"26":[0,0],"27":[0,0],"28":[0,0]},"f":{"1":2,"2":2,"3":2,"4":2,"5":2,"6":2,"7":3,"8":3,"9":3,"10":1,"11":6,"12":0},"fnMap":{"1":{"name":"(anonymous_1)","line":26,"loc":{"start":{"line":26,"column":1},"end":{"line":26,"column":13}}},"2":{"name":"(anonymous_2)","line":33,"loc":{"start":{"line":33,"column":5},"end":{"line":33,"column":17}}},"3":{"name":"(anonymous_3)","line":37,"loc":{"start":{"line":37,"column":24},"end":{"line":37,"column":36}}},"4":{"name":"(anonymous_4)","line":69,"loc":{"start":{"line":69,"column":31},"end":{"line":69,"column":48}},"skip":true},"5":{"name":"(anonymous_5)","line":78,"loc":{"start":{"line":78,"column":26},"end":{"line":78,"column":45}},"skip":true},"6":{"name":"(anonymous_6)","line":123,"loc":{"start":{"line":123,"column":33},"end":{"line":123,"column":48}},"skip":true},"7":{"name":"(anonymous_7)","line":125,"loc":{"start":{"line":125,"column":27},"end":{"line":125,"column":39}},"skip":true},"8":{"name":"(anonymous_8)","line":133,"loc":{"start":{"line":133,"column":59},"end":{"line":133,"column":74}},"skip":true},"9":{"name":"(anonymous_9)","line":143,"loc":{"start":{"line":143,"column":45},"end":{"line":143,"column":62}},"skip":true},"10":{"name":"(anonymous_10)","line":144,"loc":{"start":{"line":144,"column":73},"end":{"line":144,"column":92}},"skip":true},"11":{"name":"(anonymous_11)","line":272,"loc":{"start":{"line":272,"column":51},"end":{"line":272,"column":77}},"skip":true},"12":{"name":"(anonymous_12)","line":314,"loc":{"start":{"line":314,"column":32},"end":{"line":314,"column":61}},"skip":true}},"statementMap":{"1":{"start":{"line":26,"column":0},"end":{"line":325,"column":5}},"2":{"start":{"line":28,"column":4},"end":{"line":28,"column":14}},"3":{"start":{"line":33,"column":4},"end":{"line":60,"column":9}},"4":{"start":{"line":35,"column":8},"end":{"line":35,"column":19}},"5":{"start":{"line":37,"column":8},"end":{"line":49,"column":13}},"6":{"start":{"line":38,"column":12},"end":{"line":48,"column":13}},"7":{"start":{"line":39,"column":16},"end":{"line":42,"column":30}},"8":{"start":{"line":44,"column":16},"end":{"line":47,"column":27}},"9":{"start":{"line":51,"column":8},"end":{"line":53,"column":21}},"10":{"start":{"line":55,"column":8},"end":{"line":57,"column":45}},"11":{"start":{"line":59,"column":8},"end":{"line":59,"column":35}},"12":{"start":{"line":61,"column":4},"end":{"line":324,"column":5}},"13":{"start":{"line":69,"column":8},"end":{"line":121,"column":10},"skip":true},"14":{"start":{"line":70,"column":12},"end":{"line":88,"column":13},"skip":true},"15":{"start":{"line":76,"column":16},"end":{"line":87,"column":19},"skip":true},"16":{"start":{"line":79,"column":20},"end":{"line":86,"column":21},"skip":true},"17":{"start":{"line":82,"column":24},"end":{"line":82,"column":43},"skip":true},"18":{"start":{"line":83,"column":24},"end":{"line":83,"column":30},"skip":true},"19":{"start":{"line":85,"column":24},"end":{"line":85,"column":49},"skip":true},"20":{"start":{"line":89,"column":12},"end":{"line":107,"column":13},"skip":true},"21":{"start":{"line":92,"column":16},"end":{"line":102,"column":17},"skip":true},"22":{"start":{"line":93,"column":20},"end":{"line":93,"column":86},"skip":true},"23":{"start":{"line":94,"column":20},"end":{"line":95,"column":45},"skip":true},"24":{"start":{"line":96,"column":20},"end":{"line":96,"column":42},"skip":true},"25":{"start":{"line":97,"column":20},"end":{"line":97,"column":48},"skip":true},"26":{"start":{"line":100,"column":20},"end":{"line":100,"column":85},"skip":true},"27":{"start":{"line":101,"column":20},"end":{"line":101,"column":96},"skip":true},"28":{"start":{"line":103,"column":16},"end":{"line":103,"column":22},"skip":true},"29":{"start":{"line":106,"column":16},"end":{"line":106,"column":22},"skip":true},"30":{"start":{"line":108,"column":12},"end":{"line":120,"column":13},"skip":true},"31":{"start":{"line":114,"column":16},"end":{"line":119,"column":17},"skip":true},"32":{"start":{"line":116,"column":20},"end":{"line":116,"column":78},"skip":true},"33":{"start":{"line":118,"column":20},"end":{"line":118,"column":47},"skip":true},"34":{"start":{"line":123,"column":8},"end":{"line":141,"column":11},"skip":true},"35":{"start":{"line":124,"column":12},"end":{"line":124,"column":54},"skip":true},"36":{"start":{"line":125,"column":12},"end":{"line":140,"column":14},"skip":true},"37":{"start":{"line":126,"column":16},"end":{"line":126,"column":28},"skip":true},"38":{"start":{"line":127,"column":16},"end":{"line":127,"column":69},"skip":true},"39":{"start":{"line":128,"column":16},"end":{"line":128,"column":75},"skip":true},"40":{"start":{"line":129,"column":16},"end":{"line":131,"column":17},"skip":true},"41":{"start":{"line":130,"column":20},"end":{"line":130,"column":27},"skip":true},"42":{"start":{"line":133,"column":16},"end":{"line":137,"column":36},"skip":true},"43":{"start":{"line":134,"column":20},"end":{"line":136,"column":55},"skip":true},"44":{"start":{"line":139,"column":16},"end":{"line":139,"column":57},"skip":true},"45":{"start":{"line":143,"column":8},"end":{"line":147,"column":11},"skip":true},"46":{"start":{"line":144,"column":12},"end":{"line":146,"column":15},"skip":true},"47":{"start":{"line":145,"column":16},"end":{"line":145,"column":70},"skip":true},"48":{"start":{"line":149,"column":8},"end":{"line":149,"column":31},"skip":true},"49":{"start":{"line":150,"column":8},"end":{"line":150,"column":14},"skip":true},"50":{"start":{"line":158,"column":8},"end":{"line":158,"column":31},"skip":true},"51":{"start":{"line":160,"column":8},"end":{"line":160,"column":33},"skip":true},"52":{"start":{"line":161,"column":8},"end":{"line":161,"column":37},"skip":true},"53":{"start":{"line":162,"column":8},"end":{"line":162,"column":35},"skip":true},"54":{"start":{"line":164,"column":8},"end":{"line":164,"column":50},"skip":true},"55":{"start":{"line":166,"column":8},"end":{"line":256,"column":2},"skip":true},"56":{"start":{"line":258,"column":8},"end":{"line":286,"column":9},"skip":true},"57":{"start":{"line":259,"column":12},"end":{"line":269,"column":14},"skip":true},"58":{"start":{"line":271,"column":12},"end":{"line":285,"column":19},"skip":true},"59":{"start":{"line":274,"column":20},"end":{"line":274,"column":35},"skip":true},"60":{"start":{"line":275,"column":20},"end":{"line":284,"column":21},"skip":true},"61":{"start":{"line":277,"column":24},"end":{"line":277,"column":64},"skip":true},"62":{"start":{"line":279,"column":24},"end":{"line":279,"column":40},"skip":true},"63":{"start":{"line":281,"column":24},"end":{"line":281,"column":40},"skip":true},"64":{"start":{"line":283,"column":24},"end":{"line":283,"column":39},"skip":true},"65":{"start":{"line":288,"column":8},"end":{"line":290,"column":9},"skip":true},"66":{"start":{"line":289,"column":12},"end":{"line":289,"column":18},"skip":true},"67":{"start":{"line":291,"column":8},"end":{"line":293,"column":54},"skip":true},"68":{"start":{"line":294,"column":8},"end":{"line":301,"column":37},"skip":true},"69":{"start":{"line":302,"column":8},"end":{"line":302,"column":82},"skip":true},"70":{"start":{"line":305,"column":8},"end":{"line":307,"column":9},"skip":true},"71":{"start":{"line":306,"column":12},"end":{"line":306,"column":82},"skip":true},"72":{"start":{"line":309,"column":8},"end":{"line":311,"column":9},"skip":true},"73":{"start":{"line":310,"column":12},"end":{"line":310,"column":18},"skip":true},"74":{"start":{"line":312,"column":8},"end":{"line":312,"column":54},"skip":true},"75":{"start":{"line":313,"column":8},"end":{"line":313,"column":69},"skip":true},"76":{"start":{"line":314,"column":8},"end":{"line":322,"column":36},"skip":true},"77":{"start":{"line":315,"column":12},"end":{"line":315,"column":61},"skip":true},"78":{"start":{"line":316,"column":12},"end":{"line":319,"column":13},"skip":true},"79":{"start":{"line":317,"column":16},"end":{"line":317,"column":75},"skip":true},"80":{"start":{"line":318,"column":16},"end":{"line":318,"column":23},"skip":true},"81":{"start":{"line":320,"column":12},"end":{"line":320,"column":38},"skip":true},"82":{"start":{"line":321,"column":12},"end":{"line":321,"column":27},"skip":true},"83":{"start":{"line":323,"column":8},"end":{"line":323,"column":14},"skip":true}},"branchMap":{"1":{"line":39,"type":"binary-expr","locations":[{"start":{"line":39,"column":23},"end":{"line":39,"column":62}},{"start":{"line":40,"column":20},"end":{"line":40,"column":70}},{"start":{"line":41,"column":20},"end":{"line":41,"column":71}},{"start":{"line":42,"column":20},"end":{"line":42,"column":29}}]},"2":{"line":44,"type":"binary-expr","locations":[{"start":{"line":44,"column":23},"end":{"line":44,"column":37}},{"start":{"line":45,"column":20},"end":{"line":45,"column":61}},{"start":{"line":46,"column":20},"end":{"line":46,"column":70}},{"start":{"line":47,"column":20},"end":{"line":47,"column":26}}]},"3":{"line":51,"type":"cond-expr","locations":[{"start":{"line":52,"column":14},"end":{"line":52,"column":20}},{"start":{"line":53,"column":14},"end":{"line":53,"column":20}}]},"4":{"line":55,"type":"binary-expr","locations":[{"start":{"line":55,"column":16},"end":{"line":55,"column":44}},{"start":{"line":55,"column":49},"end":{"line":57,"column":43}}]},"5":{"line":55,"type":"cond-expr","locations":[{"start":{"line":56,"column":14},"end":{"line":56,"column":48}},{"start":{"line":57,"column":14},"end":{"line":57,"column":43}}]},"6":{"line":61,"type":"switch","locations":[{"start":{"line":68,"column":4},"end":{"line":150,"column":14},"skip":true},{"start":{"line":156,"column":4},"end":{"line":323,"column":14},"skip":true}]},"7":{"line":70,"type":"if","locations":[{"start":{"line":70,"column":12},"end":{"line":70,"column":12},"skip":true},{"start":{"line":70,"column":12},"end":{"line":70,"column":12},"skip":true}]},"8":{"line":70,"type":"binary-expr","locations":[{"start":{"line":70,"column":16},"end":{"line":70,"column":22},"skip":true},{"start":{"line":70,"column":27},"end":{"line":70,"column":32},"skip":true},{"start":{"line":71,"column":20},"end":{"line":71,"column":39},"skip":true},{"start":{"line":72,"column":20},"end":{"line":72,"column":49},"skip":true},{"start":{"line":73,"column":20},"end":{"line":73,"column":58},"skip":true},{"start":{"line":74,"column":20},"end":{"line":74,"column":69},"skip":true}]},"9":{"line":79,"type":"switch","locations":[{"start":{"line":80,"column":20},"end":{"line":80,"column":33},"skip":true},{"start":{"line":81,"column":20},"end":{"line":83,"column":30},"skip":true},{"start":{"line":84,"column":20},"end":{"line":85,"column":49},"skip":true}]},"10":{"line":89,"type":"switch","locations":[{"start":{"line":90,"column":12},"end":{"line":103,"column":22},"skip":true},{"start":{"line":105,"column":12},"end":{"line":106,"column":22},"skip":true}]},"11":{"line":89,"type":"binary-expr","locations":[{"start":{"line":89,"column":20},"end":{"line":89,"column":25},"skip":true},{"start":{"line":89,"column":29},"end":{"line":89,"column":48},"skip":true},{"start":{"line":89,"column":52},"end":{"line":89,"column":74},"skip":true}]},"12":{"line":92,"type":"if","locations":[{"start":{"line":92,"column":16},"end":{"line":92,"column":16},"skip":true},{"start":{"line":92,"column":16},"end":{"line":92,"column":16},"skip":true}]},"13":{"line":108,"type":"if","locations":[{"start":{"line":108,"column":12},"end":{"line":108,"column":12},"skip":true},{"start":{"line":108,"column":12},"end":{"line":108,"column":12},"skip":true}]},"14":{"line":108,"type":"binary-expr","locations":[{"start":{"line":108,"column":16},"end":{"line":108,"column":61},"skip":true},{"start":{"line":108,"column":66},"end":{"line":108,"column":72},"skip":true},{"start":{"line":108,"column":77},"end":{"line":108,"column":82},"skip":true},{"start":{"line":109,"column":20},"end":{"line":109,"column":39},"skip":true},{"start":{"line":110,"column":20},"end":{"line":110,"column":49},"skip":true},{"start":{"line":111,"column":20},"end":{"line":111,"column":58},"skip":true},{"start":{"line":112,"column":20},"end":{"line":112,"column":68},"skip":true}]},"15":{"line":129,"type":"if","locations":[{"start":{"line":129,"column":16},"end":{"line":129,"column":16},"skip":true},{"start":{"line":129,"column":16},"end":{"line":129,"column":16},"skip":true}]},"16":{"line":134,"type":"cond-expr","locations":[{"start":{"line":135,"column":26},"end":{"line":135,"column":29},"skip":true},{"start":{"line":136,"column":26},"end":{"line":136,"column":54},"skip":true}]},"17":{"line":164,"type":"binary-expr","locations":[{"start":{"line":164,"column":27},"end":{"line":164,"column":43},"skip":true},{"start":{"line":164,"column":47},"end":{"line":164,"column":49},"skip":true}]},"18":{"line":258,"type":"if","locations":[{"start":{"line":258,"column":8},"end":{"line":258,"column":8},"skip":true},{"start":{"line":258,"column":8},"end":{"line":258,"column":8},"skip":true}]},"19":{"line":275,"type":"switch","locations":[{"start":{"line":276,"column":20},"end":{"line":277,"column":64},"skip":true},{"start":{"line":278,"column":20},"end":{"line":279,"column":40},"skip":true},{"start":{"line":280,"column":20},"end":{"line":281,"column":40},"skip":true},{"start":{"line":282,"column":20},"end":{"line":283,"column":39},"skip":true}]},"20":{"line":288,"type":"if","locations":[{"start":{"line":288,"column":8},"end":{"line":288,"column":8},"skip":true},{"start":{"line":288,"column":8},"end":{"line":288,"column":8},"skip":true}]},"21":{"line":288,"type":"binary-expr","locations":[{"start":{"line":288,"column":12},"end":{"line":288,"column":40},"skip":true},{"start":{"line":288,"column":44},"end":{"line":288,"column":67},"skip":true}]},"22":{"line":292,"type":"binary-expr","locations":[{"start":{"line":292,"column":12},"end":{"line":292,"column":50},"skip":true},{"start":{"line":293,"column":12},"end":{"line":293,"column":53},"skip":true}]},"23":{"line":295,"type":"binary-expr","locations":[{"start":{"line":295,"column":12},"end":{"line":295,"column":62},"skip":true},{"start":{"line":296,"column":12},"end":{"line":301,"column":36},"skip":true}]},"24":{"line":302,"type":"binary-expr","locations":[{"start":{"line":302,"column":43},"end":{"line":302,"column":75},"skip":true},{"start":{"line":302,"column":79},"end":{"line":302,"column":81},"skip":true}]},"25":{"line":305,"type":"if","locations":[{"start":{"line":305,"column":8},"end":{"line":305,"column":8},"skip":true},{"start":{"line":305,"column":8},"end":{"line":305,"column":8},"skip":true}]},"26":{"line":309,"type":"if","locations":[{"start":{"line":309,"column":8},"end":{"line":309,"column":8},"skip":true},{"start":{"line":309,"column":8},"end":{"line":309,"column":8},"skip":true}]},"27":{"line":312,"type":"binary-expr","locations":[{"start":{"line":312,"column":27},"end":{"line":312,"column":43},"skip":true},{"start":{"line":312,"column":47},"end":{"line":312,"column":53},"skip":true}]},"28":{"line":316,"type":"if","locations":[{"start":{"line":316,"column":12},"end":{"line":316,"column":12},"skip":true},{"start":{"line":316,"column":12},"end":{"line":316,"column":12},"skip":true}]}},"code":["/*","example.js","","quickstart example","","instruction","    1. save this script as example.js","    2. run the shell command:","        $ npm install npmtest-yazl && PORT=8081 node example.js","    3. play with the browser-demo on http://127.0.0.1:8081","*/","","","","/* istanbul instrument in package npmtest_yazl */","/*jslint","    bitwise: true,","    browser: true,","    maxerr: 8,","    maxlen: 96,","    node: true,","    nomen: true,","    regexp: true,","    stupid: true","*/","(function () {","    'use strict';","    var local;","","","","    // run shared js-env code - pre-init","    (function () {","        // init local","        local = {};","        // init modeJs","        local.modeJs = (function () {","            try {","                return typeof navigator.userAgent === 'string' &&","                    typeof document.querySelector('body') === 'object' &&","                    typeof XMLHttpRequest.prototype.open === 'function' &&","                    'browser';","            } catch (errorCaughtBrowser) {","                return module.exports &&","                    typeof process.versions.node === 'string' &&","                    typeof require('http').createServer === 'function' &&","                    'node';","            }","        }());","        // init global","        local.global = local.modeJs === 'browser'","            ? window","            : global;","        // init utility2_rollup","        local = local.global.utility2_rollup || (local.modeJs === 'browser'","            ? local.global.utility2_npmtest_yazl","            : global.utility2_moduleExports);","        // export local","        local.global.local = local;","    }());","    switch (local.modeJs) {","","","","    // post-init","    // run browser js-env code - post-init","    /* istanbul ignore next */","    case 'browser':","        local.testRunBrowser = function (event) {","            if (!event || (event &&","                    event.currentTarget &&","                    event.currentTarget.className &&","                    event.currentTarget.className.includes &&","                    event.currentTarget.className.includes('onreset'))) {","                // reset output","                Array.from(","                    document.querySelectorAll('body > .resettable')","                ).forEach(function (element) {","                    switch (element.tagName) {","                    case 'INPUT':","                    case 'TEXTAREA':","                        element.value = '';","                        break;","                    default:","                        element.textContent = '';","                    }","                });","            }","            switch (event && event.currentTarget && event.currentTarget.id) {","            case 'testRunButton1':","                // show tests","                if (document.querySelector('#testReportDiv1').style.display === 'none') {","                    document.querySelector('#testReportDiv1').style.display = 'block';","                    document.querySelector('#testRunButton1').textContent =","                        'hide internal test';","                    local.modeTest = true;","                    local.testRunDefault(local);","                // hide tests","                } else {","                    document.querySelector('#testReportDiv1').style.display = 'none';","                    document.querySelector('#testRunButton1').textContent = 'run internal test';","                }","                break;","            // custom-case","            default:","                break;","            }","            if (document.querySelector('#inputTextareaEval1') && (!event || (event &&","                    event.currentTarget &&","                    event.currentTarget.className &&","                    event.currentTarget.className.includes &&","                    event.currentTarget.className.includes('oneval')))) {","                // try to eval input-code","                try {","                    /*jslint evil: true*/","                    eval(document.querySelector('#inputTextareaEval1').value);","                } catch (errorCaught) {","                    console.error(errorCaught);","                }","            }","        };","        // log stderr and stdout to #outputTextareaStdout1","        ['error', 'log'].forEach(function (key) {","            console[key + '_original'] = console[key];","            console[key] = function () {","                var element;","                console[key + '_original'].apply(console, arguments);","                element = document.querySelector('#outputTextareaStdout1');","                if (!element) {","                    return;","                }","                // append text to #outputTextareaStdout1","                element.value += Array.from(arguments).map(function (arg) {","                    return typeof arg === 'string'","                        ? arg","                        : JSON.stringify(arg, null, 4);","                }).join(' ') + '\\n';","                // scroll textarea to bottom","                element.scrollTop = element.scrollHeight;","            };","        });","        // init event-handling","        ['change', 'click', 'keyup'].forEach(function (event) {","            Array.from(document.querySelectorAll('.on' + event)).forEach(function (element) {","                element.addEventListener(event, local.testRunBrowser);","            });","        });","        // run tests","        local.testRunBrowser();","        break;","","","","    // run node js-env code - post-init","    /* istanbul ignore next */","    case 'node':","        // export local","        module.exports = local;","        // require modules","        local.fs = require('fs');","        local.http = require('http');","        local.url = require('url');","        // init assets","        local.assetsDict = local.assetsDict || {};","        /* jslint-ignore-begin */","        local.assetsDict['/assets.index.template.html'] = '\\","<!doctype html>\\n\\","<html lang=\"en\">\\n\\","<head>\\n\\","<meta charset=\"UTF-8\">\\n\\","<meta name=\"viewport\" content=\"width=device-width, initial-scale=1\">\\n\\","<title>{{env.npm_package_name}} (v{{env.npm_package_version}})</title>\\n\\","<style>\\n\\","/*csslint\\n\\","    box-sizing: false,\\n\\","    universal-selector: false\\n\\","*/\\n\\","* {\\n\\","    box-sizing: border-box;\\n\\","}\\n\\","body {\\n\\","    background: #dde;\\n\\","    font-family: Arial, Helvetica, sans-serif;\\n\\","    margin: 2rem;\\n\\","}\\n\\","body > * {\\n\\","    margin-bottom: 1rem;\\n\\","}\\n\\",".utility2FooterDiv {\\n\\","    margin-top: 20px;\\n\\","    text-align: center;\\n\\","}\\n\\","</style>\\n\\","<style>\\n\\","/*csslint\\n\\","*/\\n\\","textarea {\\n\\","    font-family: monospace;\\n\\","    height: 10rem;\\n\\","    width: 100%;\\n\\","}\\n\\","textarea[readonly] {\\n\\","    background: #ddd;\\n\\","}\\n\\","</style>\\n\\","</head>\\n\\","<body>\\n\\","<!-- utility2-comment\\n\\","<div id=\"ajaxProgressDiv1\" style=\"background: #d00; height: 2px; left: 0; margin: 0; padding: 0; position: fixed; top: 0; transition: background 0.5s, width 1.5s; width: 25%;\"></div>\\n\\","utility2-comment -->\\n\\","<h1>\\n\\","<!-- utility2-comment\\n\\","    <a\\n\\","        {{#if env.npm_package_homepage}}\\n\\","        href=\"{{env.npm_package_homepage}}\"\\n\\","        {{/if env.npm_package_homepage}}\\n\\","        target=\"_blank\"\\n\\","    >\\n\\","utility2-comment -->\\n\\","        {{env.npm_package_name}} (v{{env.npm_package_version}})\\n\\","<!-- utility2-comment\\n\\","    </a>\\n\\","utility2-comment -->\\n\\","</h1>\\n\\","<h3>{{env.npm_package_description}}</h3>\\n\\","<!-- utility2-comment\\n\\","<h4><a download href=\"assets.app.js\">download standalone app</a></h4>\\n\\","<button class=\"onclick onreset\" id=\"testRunButton1\">run internal test</button><br>\\n\\","<div id=\"testReportDiv1\" style=\"display: none;\"></div>\\n\\","utility2-comment -->\\n\\","\\n\\","\\n\\","\\n\\","<label>stderr and stdout</label>\\n\\","<textarea class=\"resettable\" id=\"outputTextareaStdout1\" readonly></textarea>\\n\\","<!-- utility2-comment\\n\\","{{#if isRollup}}\\n\\","<script src=\"assets.app.js\"></script>\\n\\","{{#unless isRollup}}\\n\\","utility2-comment -->\\n\\","<script src=\"assets.utility2.rollup.js\"></script>\\n\\","<script src=\"jsonp.utility2._stateInit?callback=window.utility2._stateInit\"></script>\\n\\","<script src=\"assets.npmtest_yazl.rollup.js\"></script>\\n\\","<script src=\"assets.example.js\"></script>\\n\\","<script src=\"assets.test.js\"></script>\\n\\","<!-- utility2-comment\\n\\","{{/if isRollup}}\\n\\","utility2-comment -->\\n\\","<div class=\"utility2FooterDiv\">\\n\\","    [ this app was created with\\n\\","    <a href=\"https://github.com/kaizhu256/node-utility2\" target=\"_blank\">utility2</a>\\n\\","    ]\\n\\","</div>\\n\\","</body>\\n\\","</html>\\n\\","';","        /* jslint-ignore-end */","        if (local.templateRender) {","            local.assetsDict['/'] = local.templateRender(","                local.assetsDict['/assets.index.template.html'],","                {","                    env: local.objectSetDefault(local.env, {","                        npm_package_description: 'the greatest app in the world!',","                        npm_package_name: 'my-app',","                        npm_package_nameAlias: 'my_app',","                        npm_package_version: '0.0.1'","                    })","                }","            );","        } else {","            local.assetsDict['/'] = local.assetsDict['/assets.index.template.html']","                .replace((/\\{\\{env\\.(\\w+?)\\}\\}/g), function (match0, match1) {","                    // jslint-hack","                    String(match0);","                    switch (match1) {","                    case 'npm_package_description':","                        return 'the greatest app in the world!';","                    case 'npm_package_name':","                        return 'my-app';","                    case 'npm_package_nameAlias':","                        return 'my_app';","                    case 'npm_package_version':","                        return '0.0.1';","                    }","                });","        }","        // run the cli","        if (local.global.utility2_rollup || module !== require.main) {","            break;","        }","        local.assetsDict['/assets.example.js'] =","            local.assetsDict['/assets.example.js'] ||","            local.fs.readFileSync(__filename, 'utf8');","        local.assetsDict['/assets.npmtest_yazl.rollup.js'] =","            local.assetsDict['/assets.npmtest_yazl.rollup.js'] ||","            local.fs.readFileSync(","                // buildCustomOrg-hack","                local.npmtest_yazl.__dirname +","                    '/lib.npmtest_yazl.js',","                'utf8'","            ).replace((/^#!/), '//');","        local.assetsDict['/favicon.ico'] = local.assetsDict['/favicon.ico'] || '';","        // if $npm_config_timeout_exit exists,","        // then exit this process after $npm_config_timeout_exit ms","        if (Number(process.env.npm_config_timeout_exit)) {","            setTimeout(process.exit, Number(process.env.npm_config_timeout_exit));","        }","        // start server","        if (local.global.utility2_serverHttp1) {","            break;","        }","        process.env.PORT = process.env.PORT || '8081';","        console.error('server starting on port ' + process.env.PORT);","        local.http.createServer(function (request, response) {","            request.urlParsed = local.url.parse(request.url);","            if (local.assetsDict[request.urlParsed.pathname] !== undefined) {","                response.end(local.assetsDict[request.urlParsed.pathname]);","                return;","            }","            response.statusCode = 404;","            response.end();","        }).listen(process.env.PORT);","        break;","    }","}());",""],"l":{"26":2,"28":2,"33":2,"35":2,"37":2,"38":2,"39":2,"44":1,"51":2,"55":2,"59":2,"61":2,"69":1,"70":2,"76":2,"79":2,"82":2,"83":2,"85":1,"89":2,"92":1,"93":1,"94":1,"96":1,"97":1,"100":1,"101":1,"103":1,"106":1,"108":2,"114":1,"116":1,"118":1,"123":1,"124":2,"125":2,"126":3,"127":3,"128":3,"129":3,"130":1,"133":3,"134":3,"139":3,"143":1,"144":3,"145":1,"149":1,"150":1,"158":1,"160":1,"161":1,"162":1,"164":1,"166":1,"258":1,"259":1,"271":1,"274":6,"275":6,"277":1,"279":2,"281":1,"283":2,"288":1,"289":1,"291":1,"294":1,"302":1,"305":1,"306":1,"309":1,"310":1,"312":1,"313":1,"314":1,"315":1,"316":1,"317":1,"318":1,"320":1,"321":1,"323":1}},"/home/travis/build/npmtest/node-npmtest-yazl/node_modules/yazl/index.js":{"path":"/home/travis/build/npmtest/node-npmtest-yazl/node_modules/yazl/index.js","s":{"1":1,"2":1,"3":1,"4":1,"5":1,"6":1,"7":1,"8":1,"9":1,"10":1,"11":1,"12":0,"13":0,"14":0,"15":0,"16":0,"17":0,"18":1,"19":0,"20":0,"21":0,"22":0,"23":0,"24":0,"25":0,"26":0,"27":0,"28":0,"29":0,"30":0,"31":0,"32":0,"33":0,"34":0,"35":0,"36":0,"37":0,"38":0,"39":0,"40":0,"41":0,"42":1,"43":0,"44":0,"45":0,"46":0,"47":0,"48":0,"49":0,"50":0,"51":0,"52":0,"53":1,"54":0,"55":0,"56":0,"57":0,"58":0,"59":0,"60":0,"61":0,"62":0,"63":0,"64":0,"65":0,"66":0,"67":0,"68":0,"69":0,"70":0,"71":1,"72":0,"73":0,"74":0,"75":0,"76":0,"77":0,"78":0,"79":0,"80":1,"81":0,"82":0,"83":0,"84":0,"85":0,"86":0,"87":0,"88":0,"89":0,"90":0,"91":0,"92":0,"93":0,"94":0,"95":0,"96":1,"97":0,"98":0,"99":0,"100":0,"101":0,"102":0,"103":0,"104":0,"105":0,"106":0,"107":0,"108":1,"109":0,"110":0,"111":1,"112":0,"113":0,"114":0,"115":0,"116":0,"117":0,"118":0,"119":0,"120":0,"121":0,"122":0,"123":0,"124":0,"125":0,"126":0,"127":0,"128":1,"129":0,"130":0,"131":0,"132":0,"133":0,"134":0,"135":0,"136":0,"137":1,"138":0,"139":0,"140":0,"141":0,"142":0,"143":0,"144":0,"145":0,"146":0,"147":0,"148":0,"149":0,"150":0,"151":0,"152":0,"153":0,"154":0,"155":0,"156":0,"157":0,"158":0,"159":0,"160":1,"161":0,"162":0,"163":0,"164":0,"165":0,"166":0,"167":0,"168":0,"169":0,"170":0,"171":0,"172":0,"173":0,"174":0,"175":0,"176":0,"177":0,"178":0,"179":0,"180":0,"181":0,"182":0,"183":0,"184":0,"185":0,"186":0,"187":0,"188":1,"189":1,"190":1,"191":1,"192":0,"193":0,"194":0,"195":0,"196":0,"197":0,"198":0,"199":0,"200":0,"201":0,"202":0,"203":0,"204":0,"205":0,"206":0,"207":0,"208":0,"209":0,"210":0,"211":0,"212":0,"213":0,"214":0,"215":0,"216":0,"217":0,"218":0,"219":0,"220":0,"221":0,"222":0,"223":0,"224":0,"225":0,"226":0,"227":0,"228":0,"229":0,"230":0,"231":0,"232":0,"233":0,"234":0,"235":0,"236":0,"237":0,"238":1,"239":0,"240":0,"241":0,"242":0,"243":0,"244":0,"245":0,"246":0,"247":0,"248":0,"249":0,"250":0,"251":0,"252":0,"253":1,"254":1,"255":1,"256":0,"257":0,"258":0,"259":0,"260":0,"261":0,"262":0,"263":0,"264":0,"265":0,"266":0,"267":0,"268":0,"269":0,"270":0,"271":0,"272":0,"273":0,"274":0,"275":0,"276":0,"277":0,"278":0,"279":0,"280":0,"281":0,"282":1,"283":1,"284":1,"285":1,"286":1,"287":0,"288":0,"289":0,"290":1,"291":0,"292":0,"293":0,"294":1,"295":0,"296":0,"297":1,"298":0,"299":1,"300":1,"301":1,"302":1,"303":1,"304":1,"305":1,"306":0,"307":0,"308":0,"309":0,"310":0,"311":0,"312":0,"313":0,"314":0,"315":0,"316":0,"317":0,"318":0,"319":0,"320":0,"321":0,"322":0,"323":0,"324":0,"325":0,"326":0,"327":0,"328":0,"329":1,"330":1,"331":1,"332":0,"333":0,"334":0,"335":0,"336":0,"337":0,"338":0,"339":0,"340":0,"341":0,"342":0,"343":0,"344":0,"345":0,"346":0,"347":1,"348":1,"349":1,"350":0,"351":0,"352":0,"353":0,"354":0,"355":0,"356":0,"357":0,"358":0,"359":0,"360":0,"361":0,"362":0,"363":0,"364":0,"365":0,"366":0,"367":0,"368":0,"369":0,"370":0,"371":0,"372":0,"373":0,"374":0,"375":0,"376":0,"377":0,"378":0,"379":0,"380":0,"381":0,"382":0,"383":0,"384":0,"385":0,"386":0,"387":0,"388":0,"389":0,"390":1,"391":0,"392":0,"393":0,"394":1,"395":0,"396":0,"397":0,"398":0,"399":0,"400":0,"401":0,"402":0,"403":0,"404":1,"405":0,"406":0,"407":0,"408":0,"409":1,"410":0,"411":0,"412":1,"413":1,"414":0,"415":0,"416":1,"417":0,"418":0,"419":1,"420":1,"421":0,"422":0,"423":1,"424":0,"425":0},"b":{"1":[0,0],"2":[0,0],"3":[0,0],"4":[0,0],"5":[0,0],"6":[0,0],"7":[0,0],"8":[0,0],"9":[0,0],"10":[0,0],"11":[0,0],"12":[0,0],"13":[0,0],"14":[0,0],"15":[0,0],"16":[0,0],"17":[0,0],"18":[0,0],"19":[0,0],"20":[0,0],"21":[0,0],"22":[0,0],"23":[0,0],"24":[0,0],"25":[0,0],"26":[0,0],"27":[0,0],"28":[0,0],"29":[0,0],"30":[0,0],"31":[0,0],"32":[0,0],"33":[0,0],"34":[0,0],"35":[0,0],"36":[0,0],"37":[0,0,0,0],"38":[0,0],"39":[0,0],"40":[0,0],"41":[0,0],"42":[0,0],"43":[0,0],"44":[0,0],"45":[0,0],"46":[0,0],"47":[0,0],"48":[0,0],"49":[0,0],"50":[0,0],"51":[0,0],"52":[0,0],"53":[0,0],"54":[0,0],"55":[0,0],"56":[0,0],"57":[0,0],"58":[0,0],"59":[0,0],"60":[0,0],"61":[0,0],"62":[0,0],"63":[0,0,0,0,0,0,0],"64":[0,0],"65":[0,0],"66":[0,0],"67":[0,0],"68":[0,0],"69":[0,0],"70":[0,0],"71":[0,0]},"f":{"1":0,"2":0,"3":0,"4":0,"5":0,"6":0,"7":0,"8":0,"9":0,"10":0,"11":0,"12":0,"13":0,"14":0,"15":0,"16":0,"17":0,"18":0,"19":0,"20":0,"21":0,"22":0,"23":0,"24":0,"25":0,"26":0,"27":0,"28":0,"29":0,"30":0,"31":0,"32":0,"33":0,"34":0,"35":0,"36":0,"37":0,"38":0,"39":0,"40":0},"fnMap":{"1":{"name":"ZipFile","line":13,"loc":{"start":{"line":13,"column":0},"end":{"line":13,"column":19}}},"2":{"name":"(anonymous_2)","line":22,"loc":{"start":{"line":22,"column":28},"end":{"line":22,"column":70}}},"3":{"name":"(anonymous_3)","line":29,"loc":{"start":{"line":29,"column":20},"end":{"line":29,"column":41}}},"4":{"name":"(anonymous_4)","line":35,"loc":{"start":{"line":35,"column":34},"end":{"line":35,"column":45}}},"5":{"name":"(anonymous_5)","line":38,"loc":{"start":{"line":38,"column":29},"end":{"line":38,"column":43}}},"6":{"name":"(anonymous_6)","line":47,"loc":{"start":{"line":47,"column":34},"end":{"line":47,"column":78}}},"7":{"name":"(anonymous_7)","line":53,"loc":{"start":{"line":53,"column":32},"end":{"line":53,"column":43}}},"8":{"name":"(anonymous_8)","line":60,"loc":{"start":{"line":60,"column":30},"end":{"line":60,"column":70}}},"9":{"name":"(anonymous_9)","line":74,"loc":{"start":{"line":74,"column":28},"end":{"line":74,"column":60}}},"10":{"name":"setCompressedBuffer","line":78,"loc":{"start":{"line":78,"column":2},"end":{"line":78,"column":49}}},"11":{"name":"(anonymous_11)","line":80,"loc":{"start":{"line":80,"column":34},"end":{"line":80,"column":45}}},"12":{"name":"(anonymous_12)","line":87,"loc":{"start":{"line":87,"column":19},"end":{"line":87,"column":30}}},"13":{"name":"(anonymous_13)","line":95,"loc":{"start":{"line":95,"column":38},"end":{"line":95,"column":70}}},"14":{"name":"(anonymous_14)","line":103,"loc":{"start":{"line":103,"column":32},"end":{"line":103,"column":43}}},"15":{"name":"(anonymous_15)","line":111,"loc":{"start":{"line":111,"column":24},"end":{"line":111,"column":61}}},"16":{"name":"writeToOutputStream","line":124,"loc":{"start":{"line":124,"column":0},"end":{"line":124,"column":43}}},"17":{"name":"pumpFileDataReadStream","line":129,"loc":{"start":{"line":129,"column":0},"end":{"line":129,"column":57}}},"18":{"name":"(anonymous_18)","line":139,"loc":{"start":{"line":139,"column":34},"end":{"line":139,"column":45}}},"19":{"name":"pumpEntries","line":154,"loc":{"start":{"line":154,"column":0},"end":{"line":154,"column":27}}},"20":{"name":"getFirstNotDoneEntry","line":168,"loc":{"start":{"line":168,"column":2},"end":{"line":168,"column":34}}},"21":{"name":"(anonymous_21)","line":189,"loc":{"start":{"line":189,"column":27},"end":{"line":189,"column":43}}},"22":{"name":"calculateFinalSize","line":200,"loc":{"start":{"line":200,"column":0},"end":{"line":200,"column":34}}},"23":{"name":"getEndOfCentralDirectoryRecord","line":250,"loc":{"start":{"line":250,"column":0},"end":{"line":250,"column":82}}},"24":{"name":"validateMetadataPath","line":348,"loc":{"start":{"line":348,"column":0},"end":{"line":348,"column":57}}},"25":{"name":"Entry","line":367,"loc":{"start":{"line":367,"column":0},"end":{"line":367,"column":51}}},"26":{"name":"(anonymous_26)","line":403,"loc":{"start":{"line":403,"column":33},"end":{"line":403,"column":48}}},"27":{"name":"(anonymous_27)","line":408,"loc":{"start":{"line":408,"column":40},"end":{"line":408,"column":55}}},"28":{"name":"(anonymous_28)","line":414,"loc":{"start":{"line":414,"column":42},"end":{"line":414,"column":67}}},"29":{"name":"(anonymous_29)","line":418,"loc":{"start":{"line":418,"column":33},"end":{"line":418,"column":44}}},"30":{"name":"(anonymous_30)","line":433,"loc":{"start":{"line":433,"column":37},"end":{"line":433,"column":48}}},"31":{"name":"(anonymous_31)","line":479,"loc":{"start":{"line":479,"column":36},"end":{"line":479,"column":47}}},"32":{"name":"(anonymous_32)","line":511,"loc":{"start":{"line":511,"column":44},"end":{"line":511,"column":55}}},"33":{"name":"(anonymous_33)","line":591,"loc":{"start":{"line":591,"column":39},"end":{"line":591,"column":50}}},"34":{"name":"dateToDosDateTime","line":597,"loc":{"start":{"line":597,"column":0},"end":{"line":597,"column":35}}},"35":{"name":"writeUInt64LE","line":611,"loc":{"start":{"line":611,"column":0},"end":{"line":611,"column":42}}},"36":{"name":"defaultCallback","line":619,"loc":{"start":{"line":619,"column":0},"end":{"line":619,"column":30}}},"37":{"name":"ByteCounter","line":624,"loc":{"start":{"line":624,"column":0},"end":{"line":624,"column":30}}},"38":{"name":"(anonymous_38)","line":628,"loc":{"start":{"line":628,"column":35},"end":{"line":628,"column":65}}},"39":{"name":"Crc32Watcher","line":634,"loc":{"start":{"line":634,"column":0},"end":{"line":634,"column":31}}},"40":{"name":"(anonymous_40)","line":638,"loc":{"start":{"line":638,"column":36},"end":{"line":638,"column":66}}}},"statementMap":{"1":{"start":{"line":1,"column":0},"end":{"line":1,"column":23}},"2":{"start":{"line":2,"column":0},"end":{"line":2,"column":44}},"3":{"start":{"line":3,"column":0},"end":{"line":3,"column":48}},"4":{"start":{"line":4,"column":0},"end":{"line":4,"column":27}},"5":{"start":{"line":5,"column":0},"end":{"line":5,"column":27}},"6":{"start":{"line":6,"column":0},"end":{"line":6,"column":50}},"7":{"start":{"line":7,"column":0},"end":{"line":7,"column":36}},"8":{"start":{"line":9,"column":0},"end":{"line":9,"column":26}},"9":{"start":{"line":10,"column":0},"end":{"line":10,"column":46}},"10":{"start":{"line":12,"column":0},"end":{"line":12,"column":37}},"11":{"start":{"line":13,"column":0},"end":{"line":20,"column":1}},"12":{"start":{"line":14,"column":2},"end":{"line":14,"column":40}},"13":{"start":{"line":15,"column":2},"end":{"line":15,"column":20}},"14":{"start":{"line":16,"column":2},"end":{"line":16,"column":30}},"15":{"start":{"line":17,"column":2},"end":{"line":17,"column":21}},"16":{"start":{"line":18,"column":2},"end":{"line":18,"column":23}},"17":{"start":{"line":19,"column":2},"end":{"line":19,"column":30}},"18":{"start":{"line":22,"column":0},"end":{"line":45,"column":2}},"19":{"start":{"line":23,"column":2},"end":{"line":23,"column":18}},"20":{"start":{"line":24,"column":2},"end":{"line":24,"column":59}},"21":{"start":{"line":25,"column":2},"end":{"line":25,"column":36}},"22":{"start":{"line":25,"column":23},"end":{"line":25,"column":36}},"23":{"start":{"line":27,"column":2},"end":{"line":27,"column":54}},"24":{"start":{"line":28,"column":2},"end":{"line":28,"column":27}},"25":{"start":{"line":29,"column":2},"end":{"line":44,"column":5}},"26":{"start":{"line":30,"column":4},"end":{"line":30,"column":44}},"27":{"start":{"line":30,"column":13},"end":{"line":30,"column":44}},"28":{"start":{"line":31,"column":4},"end":{"line":31,"column":89}},"29":{"start":{"line":31,"column":25},"end":{"line":31,"column":89}},"30":{"start":{"line":32,"column":4},"end":{"line":32,"column":40}},"31":{"start":{"line":33,"column":4},"end":{"line":33,"column":65}},"32":{"start":{"line":33,"column":31},"end":{"line":33,"column":65}},"33":{"start":{"line":34,"column":4},"end":{"line":34,"column":70}},"34":{"start":{"line":34,"column":30},"end":{"line":34,"column":70}},"35":{"start":{"line":35,"column":4},"end":{"line":42,"column":7}},"36":{"start":{"line":36,"column":6},"end":{"line":36,"column":53}},"37":{"start":{"line":37,"column":6},"end":{"line":37,"column":48}},"38":{"start":{"line":38,"column":6},"end":{"line":40,"column":9}},"39":{"start":{"line":39,"column":8},"end":{"line":39,"column":32}},"40":{"start":{"line":41,"column":6},"end":{"line":41,"column":54}},"41":{"start":{"line":43,"column":4},"end":{"line":43,"column":22}},"42":{"start":{"line":47,"column":0},"end":{"line":58,"column":2}},"43":{"start":{"line":48,"column":2},"end":{"line":48,"column":18}},"44":{"start":{"line":49,"column":2},"end":{"line":49,"column":59}},"45":{"start":{"line":50,"column":2},"end":{"line":50,"column":36}},"46":{"start":{"line":50,"column":23},"end":{"line":50,"column":36}},"47":{"start":{"line":51,"column":2},"end":{"line":51,"column":54}},"48":{"start":{"line":52,"column":2},"end":{"line":52,"column":27}},"49":{"start":{"line":53,"column":2},"end":{"line":56,"column":5}},"50":{"start":{"line":54,"column":4},"end":{"line":54,"column":46}},"51":{"start":{"line":55,"column":4},"end":{"line":55,"column":52}},"52":{"start":{"line":57,"column":2},"end":{"line":57,"column":20}},"53":{"start":{"line":60,"column":0},"end":{"line":93,"column":2}},"54":{"start":{"line":61,"column":2},"end":{"line":61,"column":18}},"55":{"start":{"line":62,"column":2},"end":{"line":62,"column":59}},"56":{"start":{"line":63,"column":2},"end":{"line":63,"column":109}},"57":{"start":{"line":63,"column":34},"end":{"line":63,"column":109}},"58":{"start":{"line":64,"column":2},"end":{"line":64,"column":36}},"59":{"start":{"line":64,"column":23},"end":{"line":64,"column":36}},"60":{"start":{"line":65,"column":2},"end":{"line":65,"column":72}},"61":{"start":{"line":65,"column":28},"end":{"line":65,"column":72}},"62":{"start":{"line":66,"column":2},"end":{"line":66,"column":54}},"63":{"start":{"line":67,"column":2},"end":{"line":67,"column":41}},"64":{"start":{"line":68,"column":2},"end":{"line":68,"column":39}},"65":{"start":{"line":69,"column":2},"end":{"line":69,"column":35}},"66":{"start":{"line":70,"column":2},"end":{"line":70,"column":27}},"67":{"start":{"line":71,"column":2},"end":{"line":77,"column":3}},"68":{"start":{"line":72,"column":4},"end":{"line":72,"column":32}},"69":{"start":{"line":74,"column":4},"end":{"line":76,"column":7}},"70":{"start":{"line":75,"column":6},"end":{"line":75,"column":44}},"71":{"start":{"line":78,"column":2},"end":{"line":92,"column":3}},"72":{"start":{"line":79,"column":4},"end":{"line":79,"column":51}},"73":{"start":{"line":80,"column":4},"end":{"line":90,"column":7}},"74":{"start":{"line":81,"column":6},"end":{"line":81,"column":50}},"75":{"start":{"line":82,"column":6},"end":{"line":82,"column":59}},"76":{"start":{"line":83,"column":6},"end":{"line":83,"column":41}},"77":{"start":{"line":87,"column":6},"end":{"line":89,"column":9}},"78":{"start":{"line":88,"column":8},"end":{"line":88,"column":26}},"79":{"start":{"line":91,"column":4},"end":{"line":91,"column":22}},"80":{"start":{"line":95,"column":0},"end":{"line":109,"column":2}},"81":{"start":{"line":96,"column":2},"end":{"line":96,"column":18}},"82":{"start":{"line":97,"column":2},"end":{"line":97,"column":58}},"83":{"start":{"line":98,"column":2},"end":{"line":98,"column":36}},"84":{"start":{"line":98,"column":23},"end":{"line":98,"column":36}},"85":{"start":{"line":99,"column":2},"end":{"line":99,"column":72}},"86":{"start":{"line":99,"column":28},"end":{"line":99,"column":72}},"87":{"start":{"line":100,"column":2},"end":{"line":100,"column":80}},"88":{"start":{"line":100,"column":32},"end":{"line":100,"column":80}},"89":{"start":{"line":101,"column":2},"end":{"line":101,"column":53}},"90":{"start":{"line":102,"column":2},"end":{"line":102,"column":27}},"91":{"start":{"line":103,"column":2},"end":{"line":107,"column":5}},"92":{"start":{"line":104,"column":4},"end":{"line":104,"column":57}},"93":{"start":{"line":105,"column":4},"end":{"line":105,"column":39}},"94":{"start":{"line":106,"column":4},"end":{"line":106,"column":22}},"95":{"start":{"line":108,"column":2},"end":{"line":108,"column":20}},"96":{"start":{"line":111,"column":0},"end":{"line":122,"column":2}},"97":{"start":{"line":112,"column":2},"end":{"line":115,"column":3}},"98":{"start":{"line":113,"column":4},"end":{"line":113,"column":32}},"99":{"start":{"line":114,"column":4},"end":{"line":114,"column":19}},"100":{"start":{"line":116,"column":2},"end":{"line":116,"column":36}},"101":{"start":{"line":116,"column":23},"end":{"line":116,"column":36}},"102":{"start":{"line":117,"column":2},"end":{"line":117,"column":25}},"103":{"start":{"line":117,"column":18},"end":{"line":117,"column":25}},"104":{"start":{"line":118,"column":2},"end":{"line":118,"column":20}},"105":{"start":{"line":119,"column":2},"end":{"line":119,"column":45}},"106":{"start":{"line":120,"column":2},"end":{"line":120,"column":51}},"107":{"start":{"line":121,"column":2},"end":{"line":121,"column":20}},"108":{"start":{"line":124,"column":0},"end":{"line":127,"column":1}},"109":{"start":{"line":125,"column":2},"end":{"line":125,"column":34}},"110":{"start":{"line":126,"column":2},"end":{"line":126,"column":43}},"111":{"start":{"line":129,"column":0},"end":{"line":152,"column":1}},"112":{"start":{"line":130,"column":2},"end":{"line":130,"column":40}},"113":{"start":{"line":131,"column":2},"end":{"line":131,"column":50}},"114":{"start":{"line":132,"column":2},"end":{"line":132,"column":78}},"115":{"start":{"line":133,"column":2},"end":{"line":133,"column":48}},"116":{"start":{"line":134,"column":2},"end":{"line":138,"column":51}},"117":{"start":{"line":139,"column":2},"end":{"line":151,"column":5}},"118":{"start":{"line":140,"column":4},"end":{"line":140,"column":37}},"119":{"start":{"line":141,"column":4},"end":{"line":145,"column":5}},"120":{"start":{"line":142,"column":6},"end":{"line":142,"column":65}},"121":{"start":{"line":144,"column":6},"end":{"line":144,"column":160}},"122":{"start":{"line":144,"column":72},"end":{"line":144,"column":160}},"123":{"start":{"line":146,"column":4},"end":{"line":146,"column":59}},"124":{"start":{"line":147,"column":4},"end":{"line":147,"column":52}},"125":{"start":{"line":148,"column":4},"end":{"line":148,"column":57}},"126":{"start":{"line":149,"column":4},"end":{"line":149,"column":39}},"127":{"start":{"line":150,"column":4},"end":{"line":150,"column":22}},"128":{"start":{"line":154,"column":0},"end":{"line":198,"column":1}},"129":{"start":{"line":155,"column":2},"end":{"line":155,"column":27}},"130":{"start":{"line":155,"column":20},"end":{"line":155,"column":27}},"131":{"start":{"line":157,"column":2},"end":{"line":164,"column":3}},"132":{"start":{"line":158,"column":4},"end":{"line":158,"column":45}},"133":{"start":{"line":159,"column":4},"end":{"line":163,"column":5}},"134":{"start":{"line":161,"column":6},"end":{"line":161,"column":40}},"135":{"start":{"line":162,"column":6},"end":{"line":162,"column":36}},"136":{"start":{"line":167,"column":2},"end":{"line":167,"column":37}},"137":{"start":{"line":168,"column":2},"end":{"line":174,"column":3}},"138":{"start":{"line":169,"column":4},"end":{"line":172,"column":5}},"139":{"start":{"line":170,"column":6},"end":{"line":170,"column":34}},"140":{"start":{"line":171,"column":6},"end":{"line":171,"column":59}},"141":{"start":{"line":171,"column":46},"end":{"line":171,"column":59}},"142":{"start":{"line":173,"column":4},"end":{"line":173,"column":16}},"143":{"start":{"line":175,"column":2},"end":{"line":197,"column":3}},"144":{"start":{"line":177,"column":4},"end":{"line":177,"column":60}},"145":{"start":{"line":177,"column":53},"end":{"line":177,"column":60}},"146":{"start":{"line":178,"column":4},"end":{"line":178,"column":60}},"147":{"start":{"line":178,"column":53},"end":{"line":178,"column":60}},"148":{"start":{"line":180,"column":4},"end":{"line":180,"column":64}},"149":{"start":{"line":181,"column":4},"end":{"line":181,"column":53}},"150":{"start":{"line":182,"column":4},"end":{"line":182,"column":47}},"151":{"start":{"line":183,"column":4},"end":{"line":183,"column":27}},"152":{"start":{"line":186,"column":4},"end":{"line":196,"column":5}},"153":{"start":{"line":188,"column":6},"end":{"line":188,"column":69}},"154":{"start":{"line":189,"column":6},"end":{"line":192,"column":9}},"155":{"start":{"line":190,"column":8},"end":{"line":190,"column":71}},"156":{"start":{"line":191,"column":8},"end":{"line":191,"column":58}},"157":{"start":{"line":193,"column":6},"end":{"line":193,"column":70}},"158":{"start":{"line":194,"column":6},"end":{"line":194,"column":30}},"159":{"start":{"line":195,"column":6},"end":{"line":195,"column":26}},"160":{"start":{"line":200,"column":0},"end":{"line":245,"column":1}},"161":{"start":{"line":201,"column":2},"end":{"line":201,"column":30}},"162":{"start":{"line":202,"column":2},"end":{"line":202,"column":31}},"163":{"start":{"line":203,"column":2},"end":{"line":233,"column":3}},"164":{"start":{"line":204,"column":4},"end":{"line":204,"column":32}},"165":{"start":{"line":206,"column":4},"end":{"line":206,"column":34}},"166":{"start":{"line":206,"column":24},"end":{"line":206,"column":34}},"167":{"start":{"line":207,"column":4},"end":{"line":213,"column":5}},"168":{"start":{"line":209,"column":6},"end":{"line":209,"column":52}},"169":{"start":{"line":209,"column":42},"end":{"line":209,"column":52}},"170":{"start":{"line":212,"column":6},"end":{"line":212,"column":54}},"171":{"start":{"line":212,"column":42},"end":{"line":212,"column":54}},"172":{"start":{"line":215,"column":4},"end":{"line":215,"column":60}},"173":{"start":{"line":216,"column":4},"end":{"line":216,"column":48}},"174":{"start":{"line":218,"column":4},"end":{"line":218,"column":84}},"175":{"start":{"line":219,"column":4},"end":{"line":219,"column":50}},"176":{"start":{"line":220,"column":4},"end":{"line":227,"column":5}},"177":{"start":{"line":222,"column":6},"end":{"line":226,"column":7}},"178":{"start":{"line":223,"column":8},"end":{"line":223,"column":58}},"179":{"start":{"line":225,"column":8},"end":{"line":225,"column":52}},"180":{"start":{"line":229,"column":4},"end":{"line":229,"column":92}},"181":{"start":{"line":230,"column":4},"end":{"line":232,"column":5}},"182":{"start":{"line":231,"column":6},"end":{"line":231,"column":74}},"183":{"start":{"line":235,"column":2},"end":{"line":235,"column":36}},"184":{"start":{"line":236,"column":2},"end":{"line":242,"column":3}},"185":{"start":{"line":241,"column":4},"end":{"line":241,"column":122}},"186":{"start":{"line":243,"column":2},"end":{"line":243,"column":68}},"187":{"start":{"line":244,"column":2},"end":{"line":244,"column":80}},"188":{"start":{"line":247,"column":0},"end":{"line":247,"column":52}},"189":{"start":{"line":248,"column":0},"end":{"line":248,"column":53}},"190":{"start":{"line":249,"column":0},"end":{"line":249,"column":46}},"191":{"start":{"line":250,"column":0},"end":{"line":346,"column":1}},"192":{"start":{"line":251,"column":2},"end":{"line":251,"column":30}},"193":{"start":{"line":252,"column":2},"end":{"line":252,"column":48}},"194":{"start":{"line":253,"column":2},"end":{"line":256,"column":3}},"195":{"start":{"line":254,"column":4},"end":{"line":254,"column":33}},"196":{"start":{"line":255,"column":4},"end":{"line":255,"column":27}},"197":{"start":{"line":257,"column":2},"end":{"line":257,"column":94}},"198":{"start":{"line":258,"column":2},"end":{"line":258,"column":60}},"199":{"start":{"line":259,"column":2},"end":{"line":262,"column":3}},"200":{"start":{"line":260,"column":4},"end":{"line":260,"column":46}},"201":{"start":{"line":261,"column":4},"end":{"line":261,"column":27}},"202":{"start":{"line":263,"column":2},"end":{"line":263,"column":83}},"203":{"start":{"line":264,"column":2},"end":{"line":267,"column":3}},"204":{"start":{"line":265,"column":4},"end":{"line":265,"column":55}},"205":{"start":{"line":266,"column":4},"end":{"line":266,"column":27}},"206":{"start":{"line":268,"column":2},"end":{"line":278,"column":3}},"207":{"start":{"line":269,"column":4},"end":{"line":277,"column":5}},"208":{"start":{"line":270,"column":6},"end":{"line":274,"column":8}},"209":{"start":{"line":276,"column":6},"end":{"line":276,"column":50}},"210":{"start":{"line":280,"column":2},"end":{"line":280,"column":69}},"211":{"start":{"line":282,"column":2},"end":{"line":282,"column":43}},"212":{"start":{"line":284,"column":2},"end":{"line":284,"column":34}},"213":{"start":{"line":286,"column":2},"end":{"line":286,"column":34}},"214":{"start":{"line":288,"column":2},"end":{"line":288,"column":52}},"215":{"start":{"line":290,"column":2},"end":{"line":290,"column":53}},"216":{"start":{"line":292,"column":2},"end":{"line":292,"column":62}},"217":{"start":{"line":294,"column":2},"end":{"line":294,"column":71}},"218":{"start":{"line":296,"column":2},"end":{"line":296,"column":35}},"219":{"start":{"line":300,"column":2},"end":{"line":300,"column":43}},"220":{"start":{"line":300,"column":24},"end":{"line":300,"column":43}},"221":{"start":{"line":304,"column":2},"end":{"line":304,"column":80}},"222":{"start":{"line":306,"column":2},"end":{"line":306,"column":48}},"223":{"start":{"line":308,"column":2},"end":{"line":308,"column":86}},"224":{"start":{"line":310,"column":2},"end":{"line":310,"column":54}},"225":{"start":{"line":312,"column":2},"end":{"line":312,"column":70}},"226":{"start":{"line":314,"column":2},"end":{"line":314,"column":40}},"227":{"start":{"line":316,"column":2},"end":{"line":316,"column":40}},"228":{"start":{"line":318,"column":2},"end":{"line":318,"column":59}},"229":{"start":{"line":320,"column":2},"end":{"line":320,"column":59}},"230":{"start":{"line":322,"column":2},"end":{"line":322,"column":62}},"231":{"start":{"line":324,"column":2},"end":{"line":324,"column":76}},"232":{"start":{"line":330,"column":2},"end":{"line":330,"column":81}},"233":{"start":{"line":332,"column":2},"end":{"line":332,"column":48}},"234":{"start":{"line":334,"column":2},"end":{"line":334,"column":39}},"235":{"start":{"line":336,"column":2},"end":{"line":336,"column":62}},"236":{"start":{"line":338,"column":2},"end":{"line":338,"column":40}},"237":{"start":{"line":341,"column":2},"end":{"line":345,"column":5}},"238":{"start":{"line":348,"column":0},"end":{"line":361,"column":1}},"239":{"start":{"line":349,"column":2},"end":{"line":349,"column":65}},"240":{"start":{"line":349,"column":27},"end":{"line":349,"column":65}},"241":{"start":{"line":350,"column":2},"end":{"line":350,"column":50}},"242":{"start":{"line":351,"column":2},"end":{"line":351,"column":117}},"243":{"start":{"line":351,"column":67},"end":{"line":351,"column":117}},"244":{"start":{"line":352,"column":2},"end":{"line":352,"column":110}},"245":{"start":{"line":352,"column":52},"end":{"line":352,"column":110}},"246":{"start":{"line":353,"column":2},"end":{"line":353,"column":52}},"247":{"start":{"line":354,"column":2},"end":{"line":359,"column":3}},"248":{"start":{"line":356,"column":4},"end":{"line":356,"column":49}},"249":{"start":{"line":356,"column":29},"end":{"line":356,"column":49}},"250":{"start":{"line":358,"column":4},"end":{"line":358,"column":94}},"251":{"start":{"line":358,"column":28},"end":{"line":358,"column":94}},"252":{"start":{"line":360,"column":2},"end":{"line":360,"column":22}},"253":{"start":{"line":363,"column":0},"end":{"line":363,"column":45}},"254":{"start":{"line":364,"column":0},"end":{"line":364,"column":49}},"255":{"start":{"line":367,"column":0},"end":{"line":398,"column":1}},"256":{"start":{"line":368,"column":2},"end":{"line":368,"column":47}},"257":{"start":{"line":369,"column":2},"end":{"line":369,"column":125}},"258":{"start":{"line":369,"column":41},"end":{"line":369,"column":125}},"259":{"start":{"line":370,"column":2},"end":{"line":370,"column":33}},"260":{"start":{"line":371,"column":2},"end":{"line":371,"column":42}},"261":{"start":{"line":372,"column":2},"end":{"line":372,"column":74}},"262":{"start":{"line":373,"column":2},"end":{"line":377,"column":3}},"263":{"start":{"line":374,"column":4},"end":{"line":374,"column":45}},"264":{"start":{"line":376,"column":4},"end":{"line":376,"column":85}},"265":{"start":{"line":378,"column":2},"end":{"line":390,"column":3}},"266":{"start":{"line":379,"column":4},"end":{"line":379,"column":36}},"267":{"start":{"line":380,"column":4},"end":{"line":380,"column":19}},"268":{"start":{"line":381,"column":4},"end":{"line":381,"column":30}},"269":{"start":{"line":382,"column":4},"end":{"line":382,"column":28}},"270":{"start":{"line":385,"column":4},"end":{"line":385,"column":37}},"271":{"start":{"line":386,"column":4},"end":{"line":386,"column":22}},"272":{"start":{"line":387,"column":4},"end":{"line":387,"column":33}},"273":{"start":{"line":388,"column":4},"end":{"line":388,"column":31}},"274":{"start":{"line":389,"column":4},"end":{"line":389,"column":67}},"275":{"start":{"line":389,"column":30},"end":{"line":389,"column":67}},"276":{"start":{"line":391,"column":2},"end":{"line":396,"column":3}},"277":{"start":{"line":392,"column":4},"end":{"line":392,"column":26}},"278":{"start":{"line":394,"column":4},"end":{"line":394,"column":25}},"279":{"start":{"line":395,"column":4},"end":{"line":395,"column":69}},"280":{"start":{"line":395,"column":34},"end":{"line":395,"column":69}},"281":{"start":{"line":397,"column":2},"end":{"line":397,"column":53}},"282":{"start":{"line":399,"column":0},"end":{"line":399,"column":31}},"283":{"start":{"line":400,"column":0},"end":{"line":400,"column":34}},"284":{"start":{"line":401,"column":0},"end":{"line":401,"column":32}},"285":{"start":{"line":402,"column":0},"end":{"line":402,"column":25}},"286":{"start":{"line":403,"column":0},"end":{"line":407,"column":2}},"287":{"start":{"line":404,"column":2},"end":{"line":404,"column":44}},"288":{"start":{"line":405,"column":2},"end":{"line":405,"column":42}},"289":{"start":{"line":406,"column":2},"end":{"line":406,"column":42}},"290":{"start":{"line":408,"column":0},"end":{"line":412,"column":2}},"291":{"start":{"line":409,"column":2},"end":{"line":409,"column":106}},"292":{"start":{"line":409,"column":32},"end":{"line":409,"column":106}},"293":{"start":{"line":411,"column":2},"end":{"line":411,"column":51}},"294":{"start":{"line":414,"column":0},"end":{"line":417,"column":2}},"295":{"start":{"line":415,"column":2},"end":{"line":415,"column":39}},"296":{"start":{"line":416,"column":2},"end":{"line":416,"column":45}},"297":{"start":{"line":418,"column":0},"end":{"line":425,"column":1}},"298":{"start":{"line":419,"column":2},"end":{"line":424,"column":4}},"299":{"start":{"line":426,"column":0},"end":{"line":426,"column":38}},"300":{"start":{"line":427,"column":0},"end":{"line":427,"column":40}},"301":{"start":{"line":428,"column":0},"end":{"line":428,"col
[...]
needZip64Format = true;","  }","  var normalOffsetOfStartOfCentralDirectory = self.offsetOfStartOfCentralDirectory;","  if (self.forceZip64Eocd || self.offsetOfStartOfCentralDirectory >= 0xffffffff) {","    normalOffsetOfStartOfCentralDirectory = 0xffffffff;","    needZip64Format = true;","  }","  if (actuallyJustTellMeHowLongItWouldBe) {","    if (needZip64Format) {","      return (","        ZIP64_END_OF_CENTRAL_DIRECTORY_RECORD_SIZE +","        ZIP64_END_OF_CENTRAL_DIRECTORY_LOCATOR_SIZE +","        END_OF_CENTRAL_DIRECTORY_RECORD_SIZE","      );","    } else {","      return END_OF_CENTRAL_DIRECTORY_RECORD_SIZE;","    }","  }","","  var eocdrBuffer = new Buffer(END_OF_CENTRAL_DIRECTORY_RECORD_SIZE);","  // end of central dir signature                       4 bytes  (0x06054b50)","  eocdrBuffer.writeUInt32LE(0x06054b50, 0);","  // number of this disk                                2 bytes","  eocdrBuffer.writeUInt16LE(0, 4);","  // number of the disk with the start of the central directory  2 bytes","  eocdrBuffer.writeUInt16LE(0, 6);","  // total number of entries in the central directory on this disk  2 bytes","  eocdrBuffer.writeUInt16LE(normalEntriesLength, 8);","  // total number of entries in the central directory   2 bytes","  eocdrBuffer.writeUInt16LE(normalEntriesLength, 10);","  // size of the central directory                      4 bytes","  eocdrBuffer.writeUInt32LE(normalSizeOfCentralDirectory, 12);","  // offset of start of central directory with respect to the starting disk number  4 bytes","  eocdrBuffer.writeUInt32LE(normalOffsetOfStartOfCentralDirectory, 16);","  // .ZIP file comment length                           2 bytes","  eocdrBuffer.writeUInt16LE(0, 20);","  // .ZIP file comment                                  (variable size)","  // no comment","","  if (!needZip64Format) return eocdrBuffer;","","  // ZIP64 format","  // ZIP64 End of Central Directory Record","  var zip64EocdrBuffer = new Buffer(ZIP64_END_OF_CENTRAL_DIRECTORY_RECORD_SIZE);","  // zip64 end of central dir signature                                             4 bytes  (0x06064b50)","  zip64EocdrBuffer.writeUInt32LE(0x06064b50, 0);","  // size of zip64 end of central directory record                                  8 bytes","  writeUInt64LE(zip64EocdrBuffer, ZIP64_END_OF_CENTRAL_DIRECTORY_RECORD_SIZE - 12, 4);","  // version made by                                                                2 bytes","  zip64EocdrBuffer.writeUInt16LE(VERSION_MADE_BY, 12);","  // version needed to extract                                                      2 bytes","  zip64EocdrBuffer.writeUInt16LE(VERSION_NEEDED_TO_EXTRACT_ZIP64, 14);","  // number of this disk                                                            4 bytes","  zip64EocdrBuffer.writeUInt32LE(0, 16);","  // number of the disk with the start of the central directory                     4 bytes","  zip64EocdrBuffer.writeUInt32LE(0, 20);","  // total number of entries in the central directory on this disk                  8 bytes","  writeUInt64LE(zip64EocdrBuffer, self.entries.length, 24);","  // total number of entries in the central directory                               8 bytes","  writeUInt64LE(zip64EocdrBuffer, self.entries.length, 32);","  // size of the central directory                                                  8 bytes","  writeUInt64LE(zip64EocdrBuffer, sizeOfCentralDirectory, 40);","  // offset of start of central directory with respect to the starting disk number  8 bytes","  writeUInt64LE(zip64EocdrBuffer, self.offsetOfStartOfCentralDirectory, 48);","  // zip64 extensible data sector                                                   (variable size)","  // nothing in the zip64 extensible data sector","","","  // ZIP64 End of Central Directory Locator","  var zip64EocdlBuffer = new Buffer(ZIP64_END_OF_CENTRAL_DIRECTORY_LOCATOR_SIZE);","  // zip64 end of central dir locator signature                               4 bytes  (0x07064b50)","  zip64EocdlBuffer.writeUInt32LE(0x07064b50, 0);","  // number of the disk with the start of the zip64 end of central directory  4 bytes","  zip64EocdlBuffer.writeUInt32LE(0, 4);","  // relative offset of the zip64 end of central directory record             8 bytes","  writeUInt64LE(zip64EocdlBuffer, self.outputStreamCursor, 8);","  // total number of disks                                                    4 bytes","  zip64EocdlBuffer.writeUInt32LE(1, 16);","","","  return Buffer.concat([","    zip64EocdrBuffer,","    zip64EocdlBuffer,","    eocdrBuffer,","  ]);","}","","function validateMetadataPath(metadataPath, isDirectory) {","  if (metadataPath === \"\") throw new Error(\"empty metadataPath\");","  metadataPath = metadataPath.replace(/\\\\/g, \"/\");","  if (/^[a-zA-Z]:/.test(metadataPath) || /^\\//.test(metadataPath)) throw new Error(\"absolute path: \" + metadataPath);","  if (metadataPath.split(\"/\").indexOf(\"..\") !== -1) throw new Error(\"invalid relative path: \" + metadataPath);","  var looksLikeDirectory = /\\/$/.test(metadataPath);","  if (isDirectory) {","    // append a trailing '/' if necessary.","    if (!looksLikeDirectory) metadataPath += \"/\";","  } else {","    if (looksLikeDirectory) throw new Error(\"file path cannot end with '/': \" + metadataPath);","  }","  return metadataPath;","}","","var defaultFileMode = parseInt(\"0100664\", 8);","var defaultDirectoryMode = parseInt(\"040775\", 8);","","// this class is not part of the public API","function Entry(metadataPath, isDirectory, options) {","  this.utf8FileName = new Buffer(metadataPath);","  if (this.utf8FileName.length > 0xffff) throw new Error(\"utf8 file name too long. \" + utf8FileName.length + \" > \" + 0xffff);","  this.isDirectory = isDirectory;","  this.state = Entry.WAITING_FOR_METADATA;","  this.setLastModDate(options.mtime != null ? options.mtime : new Date());","  if (options.mode != null) {","    this.setFileAttributesMode(options.mode);","  } else {","    this.setFileAttributesMode(isDirectory ? defaultDirectoryMode : defaultFileMode);","  }","  if (isDirectory) {","    this.crcAndFileSizeKnown = true;","    this.crc32 = 0;","    this.uncompressedSize = 0;","    this.compressedSize = 0;","  } else {","    // unknown so far","    this.crcAndFileSizeKnown = false;","    this.crc32 = null;","    this.uncompressedSize = null;","    this.compressedSize = null;","    if (options.size != null) this.uncompressedSize = options.size;","  }","  if (isDirectory) {","    this.compress = false;","  } else {","    this.compress = true; // default","    if (options.compress != null) this.compress = !!options.compress;","  }","  this.forceZip64Format = !!options.forceZip64Format;","}","Entry.WAITING_FOR_METADATA = 0;","Entry.READY_TO_PUMP_FILE_DATA = 1;","Entry.FILE_DATA_IN_PROGRESS = 2;","Entry.FILE_DATA_DONE = 3;","Entry.prototype.setLastModDate = function(date) {","  var dosDateTime = dateToDosDateTime(date);","  this.lastModFileTime = dosDateTime.time;","  this.lastModFileDate = dosDateTime.date;","};","Entry.prototype.setFileAttributesMode = function(mode) {","  if ((mode & 0xffff) !== mode) throw new Error(\"invalid mode. expected: 0 <= \" + mode + \" <= \" + 0xffff);","  // http://unix.stackexchange.com/questions/14705/the-zip-formats-external-file-attribute/14727#14727","  this.externalFileAttributes = (mode << 16) >>> 0;","};","// doFileDataPump() should not call pumpEntries() directly. see issue #9.","Entry.prototype.setFileDataPumpFunction = function(doFileDataPump) {","  this.doFileDataPump = doFileDataPump;","  this.state = Entry.READY_TO_PUMP_FILE_DATA;","};","Entry.prototype.useZip64Format = function() {","  return (","    (this.forceZip64Format) ||","    (this.uncompressedSize != null && this.uncompressedSize > 0xfffffffe) ||","    (this.compressedSize != null && this.compressedSize > 0xfffffffe) ||","    (this.relativeOffsetOfLocalHeader != null && this.relativeOffsetOfLocalHeader > 0xfffffffe)","  );","}","var LOCAL_FILE_HEADER_FIXED_SIZE = 30;","var VERSION_NEEDED_TO_EXTRACT_UTF8 = 20;","var VERSION_NEEDED_TO_EXTRACT_ZIP64 = 45;","// 3 = unix. 63 = spec version 6.3","var VERSION_MADE_BY = (3 << 8) | 63;","var FILE_NAME_IS_UTF8 = 1 << 11;","var UNKNOWN_CRC32_AND_FILE_SIZES = 1 << 3;","Entry.prototype.getLocalFileHeader = function() {","  var crc32 = 0;","  var compressedSize = 0;","  var uncompressedSize = 0;","  if (this.crcAndFileSizeKnown) {","    crc32 = this.crc32;","    compressedSize = this.compressedSize;","    uncompressedSize = this.uncompressedSize;","  }","","  var fixedSizeStuff = new Buffer(LOCAL_FILE_HEADER_FIXED_SIZE);","  var generalPurposeBitFlag = FILE_NAME_IS_UTF8;","  if (!this.crcAndFileSizeKnown) generalPurposeBitFlag |= UNKNOWN_CRC32_AND_FILE_SIZES;","","  // local file header signature     4 bytes  (0x04034b50)","  fixedSizeStuff.writeUInt32LE(0x04034b50, 0);","  // version needed to extract       2 bytes","  fixedSizeStuff.writeUInt16LE(VERSION_NEEDED_TO_EXTRACT_UTF8, 4);","  // general purpose bit flag        2 bytes","  fixedSizeStuff.writeUInt16LE(generalPurposeBitFlag, 6);","  // compression method              2 bytes","  fixedSizeStuff.writeUInt16LE(this.getCompressionMethod(), 8);","  // last mod file time              2 bytes","  fixedSizeStuff.writeUInt16LE(this.lastModFileTime, 10);","  // last mod file date              2 bytes","  fixedSizeStuff.writeUInt16LE(this.lastModFileDate, 12);","  // crc-32                          4 bytes","  fixedSizeStuff.writeUInt32LE(crc32, 14);","  // compressed size                 4 bytes","  fixedSizeStuff.writeUInt32LE(compressedSize, 18);","  // uncompressed size               4 bytes","  fixedSizeStuff.writeUInt32LE(uncompressedSize, 22);","  // file name length                2 bytes","  fixedSizeStuff.writeUInt16LE(this.utf8FileName.length, 26);","  // extra field length              2 bytes","  fixedSizeStuff.writeUInt16LE(0, 28);","  return Buffer.concat([","    fixedSizeStuff,","    // file name (variable size)","    this.utf8FileName,","    // extra field (variable size)","    // no extra fields","  ]);","};","var DATA_DESCRIPTOR_SIZE = 16;","var ZIP64_DATA_DESCRIPTOR_SIZE = 24;","Entry.prototype.getDataDescriptor = function() {","  if (this.crcAndFileSizeKnown) {","    // the Mac Archive Utility requires this not be present unless we set general purpose bit 3","    return new Buffer(0);","  }","  if (!this.useZip64Format()) {","    var buffer = new Buffer(DATA_DESCRIPTOR_SIZE);","    // optional signature (required according to Archive Utility)","    buffer.writeUInt32LE(0x08074b50, 0);","    // crc-32                          4 bytes","    buffer.writeUInt32LE(this.crc32, 4);","    // compressed size                 4 bytes","    buffer.writeUInt32LE(this.compressedSize, 8);","    // uncompressed size               4 bytes","    buffer.writeUInt32LE(this.uncompressedSize, 12);","    return buffer;","  } else {","    // ZIP64 format","    var buffer = new Buffer(ZIP64_DATA_DESCRIPTOR_SIZE);","    // optional signature (unknown if anyone cares about this)","    buffer.writeUInt32LE(0x08074b50, 0);","    // crc-32                          4 bytes","    buffer.writeUInt32LE(this.crc32, 4);","    // compressed size                 8 bytes","    writeUInt64LE(buffer, this.compressedSize, 8);","    // uncompressed size               8 bytes","    writeUInt64LE(buffer, this.uncompressedSize, 16);","    return buffer;","  }","};","var CENTRAL_DIRECTORY_RECORD_FIXED_SIZE = 46;","var ZIP64_EXTENDED_INFORMATION_EXTRA_FIELD_SIZE = 28;","Entry.prototype.getCentralDirectoryRecord = function() {","  var fixedSizeStuff = new Buffer(CENTRAL_DIRECTORY_RECORD_FIXED_SIZE);","  var generalPurposeBitFlag = FILE_NAME_IS_UTF8;","  if (!this.crcAndFileSizeKnown) generalPurposeBitFlag |= UNKNOWN_CRC32_AND_FILE_SIZES;","","  var normalCompressedSize = this.compressedSize;","  var normalUncompressedSize = this.uncompressedSize;","  var normalRelativeOffsetOfLocalHeader = this.relativeOffsetOfLocalHeader;","  var versionNeededToExtract;","  var zeiefBuffer;","  if (this.useZip64Format()) {","    normalCompressedSize = 0xffffffff;","    normalUncompressedSize = 0xffffffff;","    normalRelativeOffsetOfLocalHeader = 0xffffffff;","    versionNeededToExtract = VERSION_NEEDED_TO_EXTRACT_ZIP64;","","    // ZIP64 extended information extra field","    zeiefBuffer = new Buffer(ZIP64_EXTENDED_INFORMATION_EXTRA_FIELD_SIZE);","    // 0x0001                  2 bytes    Tag for this \"extra\" block type","    zeiefBuffer.writeUInt16LE(0x0001, 0);","    // Size                    2 bytes    Size of this \"extra\" block","    zeiefBuffer.writeUInt16LE(ZIP64_EXTENDED_INFORMATION_EXTRA_FIELD_SIZE - 4, 2);","    // Original Size           8 bytes    Original uncompressed file size","    writeUInt64LE(zeiefBuffer, this.uncompressedSize, 4);","    // Compressed Size         8 bytes    Size of compressed data","    writeUInt64LE(zeiefBuffer, this.compressedSize, 12);","    // Relative Header Offset  8 bytes    Offset of local header record","    writeUInt64LE(zeiefBuffer, this.relativeOffsetOfLocalHeader, 20);","    // Disk Start Number       4 bytes    Number of the disk on which this file starts","    // (omit)","  } else {","    versionNeededToExtract = VERSION_NEEDED_TO_EXTRACT_UTF8;","    zeiefBuffer = new Buffer(0);","  }","","  // central file header signature   4 bytes  (0x02014b50)","  fixedSizeStuff.writeUInt32LE(0x02014b50, 0);","  // version made by                 2 bytes","  fixedSizeStuff.writeUInt16LE(VERSION_MADE_BY, 4);","  // version needed to extract       2 bytes","  fixedSizeStuff.writeUInt16LE(versionNeededToExtract, 6);","  // general purpose bit flag        2 bytes","  fixedSizeStuff.writeUInt16LE(generalPurposeBitFlag, 8);","  // compression method              2 bytes","  fixedSizeStuff.writeUInt16LE(this.getCompressionMethod(), 10);","  // last mod file time              2 bytes","  fixedSizeStuff.writeUInt16LE(this.lastModFileTime, 12);","  // last mod file date              2 bytes","  fixedSizeStuff.writeUInt16LE(this.lastModFileDate, 14);","  // crc-32                          4 bytes","  fixedSizeStuff.writeUInt32LE(this.crc32, 16);","  // compressed size                 4 bytes","  fixedSizeStuff.writeUInt32LE(normalCompressedSize, 20);","  // uncompressed size               4 bytes","  fixedSizeStuff.writeUInt32LE(normalUncompressedSize, 24);","  // file name length                2 bytes","  fixedSizeStuff.writeUInt16LE(this.utf8FileName.length, 28);","  // extra field length              2 bytes","  fixedSizeStuff.writeUInt16LE(zeiefBuffer.length, 30);","  // file comment length             2 bytes","  fixedSizeStuff.writeUInt16LE(0, 32);","  // disk number start               2 bytes","  fixedSizeStuff.writeUInt16LE(0, 34);","  // internal file attributes        2 bytes","  fixedSizeStuff.writeUInt16LE(0, 36);","  // external file attributes        4 bytes","  fixedSizeStuff.writeUInt32LE(this.externalFileAttributes, 38);","  // relative offset of local header 4 bytes","  fixedSizeStuff.writeUInt32LE(normalRelativeOffsetOfLocalHeader, 42);","","  return Buffer.concat([","    fixedSizeStuff,","    // file name (variable size)","    this.utf8FileName,","    // extra field (variable size)","    zeiefBuffer,","    // file comment (variable size)","    // empty comment","  ]);","};","Entry.prototype.getCompressionMethod = function() {","  var NO_COMPRESSION = 0;","  var DEFLATE_COMPRESSION = 8;","  return this.compress ? DEFLATE_COMPRESSION : NO_COMPRESSION;","};","","function dateToDosDateTime(jsDate) {","  var date = 0;","  date |= jsDate.getDate() & 0x1f; // 1-31","  date |= ((jsDate.getMonth() + 1) & 0xf) << 5; // 0-11, 1-12","  date |= ((jsDate.getFullYear() - 1980) & 0x7f) << 9; // 0-128, 1980-2108","","  var time = 0;","  time |= Math.floor(jsDate.getSeconds() / 2); // 0-59, 0-29 (lose odd numbers)","  time |= (jsDate.getMinutes() & 0x3f) << 5; // 0-59","  time |= (jsDate.getHours() & 0x1f) << 11; // 0-23","","  return {date: date, time: time};","}","","function writeUInt64LE(buffer, n, offset) {","  // can't use bitshift here, because JavaScript only allows bitshiting on 32-bit integers.","  var high = Math.floor(n / 0x100000000);","  var low = n % 0x100000000;","  buffer.writeUInt32LE(low, offset);","  buffer.writeUInt32LE(high, offset + 4);","}","","function defaultCallback(err) {","  if (err) throw err;","}","","util.inherits(ByteCounter, Transform);","function ByteCounter(options) {","  Transform.call(this, options);","  this.byteCount = 0;","}","ByteCounter.prototype._transform = function(chunk, encoding, cb) {","  this.byteCount += chunk.length;","  cb(null, chunk);","};","","util.inherits(Crc32Watcher, Transform);","function Crc32Watcher(options) {","  Transform.call(this, options);","  this.crc32 = 0;","}","Crc32Watcher.prototype._transform = function(chunk, encoding, cb) {","  this.crc32 = crc32.unsigned(chunk, this.crc32);","  cb(null, chunk);","};",""],"l":{"1":1,"2":1,"3":1,"4":1,"5":1,"6":1,"7":1,"9":1,"10":1,"12":1,"13":1,"14":0,"15":0,"16":0,"17":0,"18":0,"19":0,"22":1,"23":0,"24":0,"25":0,"27":0,"28":0,"29":0,"30":0,"31":0,"32":0,"33":0,"34":0,"35":0,"36":0,"37":0,"38":0,"39":0,"41":0,"43":0,"47":1,"48":0,"49":0,"50":0,"51":0,"52":0,"53":0,"54":0,"55":0,"57":0,"60":1,"61":0,"62":0,"63":0,"64":0,"65":0,"66":0,"67":0,"68":0,"69":0,"70":0,"71":0,"72":0,"74":0,"75":0,"78":1,"79":0,"80":0,"81":0,"82":0,"83":0,"87":0,"88":0,"91":0,"95":1,"96":0,"97":0,"98":0,"99":0,"100":0,"101":0,"102":0,"103":0,"104":0,"105":0,"106":0,"108":0,"111":1,"112":0,"113":0,"114":0,"116":0,"117":0,"118":0,"119":0,"120":0,"121":0,"124":1,"125":0,"126":0,"129":1,"130":0,"131":0,"132":0,"133":0,"134":0,"139":0,"140":0,"141":0,"142":0,"144":0,"146":0,"147":0,"148":0,"149":0,"150":0,"154":1,"155":0,"157":0,"158":0,"159":0,"161":0,"162":0,"167":0,"168":1,"169":0,"170":0,"171":0,"173":0,"175":0,"177":0,"178":0,"180":0,"181":0,"182":0,"183":0,"186":0,"188":0,"189":0,"190":0,"191":0,"193":0,"194":0,"195":0,"200":1,"201":0,"202":0,"203":0,"204":0,"206":0,"207":0,"209":0,"212":0,"215":0,"216":0,"218":0,"219":0,"220":0,"222":0,"223":0,"225":0,"229":0,"230":0,"231":0,"235":0,"236":0,"241":0,"243":0,"244":0,"247":1,"248":1,"249":1,"250":1,"251":0,"252":0,"253":0,"254":0,"255":0,"257":0,"258":0,"259":0,"260":0,"261":0,"263":0,"264":0,"265":0,"266":0,"268":0,"269":0,"270":0,"276":0,"280":0,"282":0,"284":0,"286":0,"288":0,"290":0,"292":0,"294":0,"296":0,"300":0,"304":0,"306":0,"308":0,"310":0,"312":0,"314":0,"316":0,"318":0,"320":0,"322":0,"324":0,"330":0,"332":0,"334":0,"336":0,"338":0,"341":0,"348":1,"349":0,"350":0,"351":0,"352":0,"353":0,"354":0,"356":0,"358":0,"360":0,"363":1,"364":1,"367":1,"368":0,"369":0,"370":0,"371":0,"372":0,"373":0,"374":0,"376":0,"378":0,"379":0,"380":0,"381":0,"382":0,"385":0,"386":0,"387":0,"388":0,"389":0,"391":0,"392":0,"394":0,"395":0,"397":0,"399":1,"400":1,"401":1,"402":1,"403":1,"404":0,"405":0,"406":0,"408":1,"409":0,"411":0,"414":1,"415":0,"416":0,"418":1,"419":0,"426":1,"427":1,"428":1,"430":1,"431":1,"432":1,"433":1,"434":0,"435":0,"436":0,"437":0,"438":0,"439":0,"440":0,"443":0,"444":0,"445":0,"448":0,"450":0,"452":0,"454":0,"456":0,"458":0,"460":0,"462":0,"464":0,"466":0,"468":0,"469":0,"477":1,"478":1,"479":1,"480":0,"482":0,"484":0,"485":0,"487":0,"489":0,"491":0,"493":0,"494":0,"497":0,"499":0,"501":0,"503":0,"505":0,"506":0,"509":1,"510":1,"511":1,"512":0,"513":0,"514":0,"516":0,"517":0,"518":0,"519":0,"520":0,"521":0,"522":0,"523":0,"524":0,"525":0,"528":0,"530":0,"532":0,"534":0,"536":0,"538":0,"542":0,"543":0,"547":0,"549":0,"551":0,"553":0,"555":0,"557":0,"559":0,"561":0,"563":0,"565":0,"567":0,"569":0,"571":0,"573":0,"575":0,"577":0,"579":0,"581":0,"591":1,"592":0,"593":0,"594":0,"597":1,"598":0,"599":0,"600":0,"601":0,"603":0,"604":0,"605":0,"606":0,"608":0,"611":1,"613":0,"614":0,"615":0,"616":0,"619":1,"620":0,"623":1,"624":1,"625":0,"626":0,"628":1,"629":0,"630":0,"633":1,"634":1,"635":0,"636":0,"638":1,"639":0,"640":0}}}